{"meta": {"format": 3, "version": "7.13.1", "timestamp": "2026-01-16T10:20:03.027783", "branch_coverage": false, "show_contexts": false}, "files": {"app\\__init__.py": {"executed_lines": [], "summary": {"covered_lines": 0, "num_statements": 0, "percent_covered": 100.0, "percent_covered_display": "100", "missing_lines": 0, "excluded_lines": 0, "percent_statements_covered": 100.0, "percent_statements_covered_display": "100"}, "missing_lines": [], "excluded_lines": [], "functions": {"": {"executed_lines": [], "summary": {"covered_lines": 0, "num_statements": 0, "percent_covered": 100.0, "percent_covered_display": "100", "missing_lines": 0, "excluded_lines": 0, "percent_statements_covered": 100.0, "percent_statements_covered_display": "100"}, "missing_lines": [], "excluded_lines": [], "start_line": 1}}, "classes": {"": {"executed_lines": [], "summary": {"covered_lines": 0, "num_statements": 0, "percent_covered": 100.0, "percent_covered_display": "100", "missing_lines": 0, "excluded_lines": 0, "percent_statements_covered": 100.0, "percent_statements_covered_display": "100"}, "missing_lines": [], "excluded_lines": [], "start_line": 1}}}, "app\\agentic_rag.py": {"executed_lines": [], "summary": {"covered_lines": 0, "num_statements": 382, "percent_covered": 0.0, "percent_covered_display": "0", "missing_lines": 382, "excluded_lines": 0, "percent_statements_covered": 0.0, "percent_statements_covered_display": "0"}, "missing_lines": [20, 21, 22, 23, 24, 25, 26, 27, 28, 29, 32, 33, 34, 35, 36, 37, 38, 41, 42, 43, 44, 45, 46, 48, 49, 50, 51, 52, 53, 60, 62, 63, 64, 65, 66, 67, 68, 69, 70, 71, 72, 73, 76, 77, 79, 80, 81, 82, 83, 86, 94, 95, 97, 101, 119, 137, 152, 162, 173, 181, 194, 204, 212, 232, 242, 243, 246, 259, 260, 261, 262, 263, 269, 272, 278, 279, 280, 281, 282, 284, 285, 286, 293, 295, 297, 306, 307, 310, 313, 314, 315, 316, 323, 324, 325, 326, 327, 333, 340, 341, 343, 344, 345, 346, 349, 362, 363, 364, 365, 367, 369, 371, 392, 394, 396, 398, 400, 405, 408, 411, 412, 414, 416, 417, 419, 420, 421, 422, 424, 426, 433, 434, 435, 437, 438, 440, 441, 442, 446, 448, 451, 452, 453, 455, 458, 459, 461, 462, 470, 473, 474, 479, 481, 483, 484, 485, 486, 489, 490, 493, 495, 498, 500, 502, 504, 505, 507, 508, 509, 510, 511, 512, 514, 515, 517, 519, 521, 533, 534, 535, 537, 538, 539, 541, 542, 544, 545, 547, 548, 552, 554, 556, 557, 558, 560, 561, 569, 571, 578, 580, 581, 582, 583, 584, 585, 588, 589, 595, 596, 597, 598, 601, 602, 605, 606, 609, 610, 613, 614, 615, 616, 619, 625, 626, 627, 629, 631, 634, 653, 654, 655, 656, 657, 660, 661, 662, 664, 665, 667, 668, 669, 671, 672, 674, 675, 676, 678, 680, 689, 691, 700, 713, 721, 722, 723, 724, 726, 727, 729, 730, 731, 734, 737, 744, 745, 747, 749, 750, 751, 752, 754, 756, 758, 759, 762, 763, 764, 766, 776, 778, 781, 784, 785, 788, 789, 790, 791, 792, 793, 795, 798, 800, 806, 808, 810, 811, 814, 817, 818, 820, 827, 829, 831, 832, 835, 837, 838, 841, 847, 849, 857, 859, 861, 864, 865, 866, 869, 870, 874, 877, 878, 879, 880, 881, 883, 884, 886, 889, 892, 897, 899, 906, 908, 910, 911, 918, 942, 943, 945, 977, 978, 979, 982, 985, 986, 987, 990, 993, 994, 995, 998, 1001, 1002, 1003, 1009, 1010, 1011, 1012, 1015, 1016, 1018, 1025, 1026, 1027, 1028, 1031, 1032, 1033, 1035, 1041, 1042, 1043, 1046, 1047, 1054, 1055, 1056, 1057, 1058, 1060, 1061, 1062], "excluded_lines": [], "functions": {"EntityExtractor.__init__": {"executed_lines": [], "summary": {"covered_lines": 0, "num_statements": 1, "percent_covered": 0.0, "percent_covered_display": "0", "missing_lines": 1, "excluded_lines": 0, "percent_statements_covered": 0.0, "percent_statements_covered_display": "0"}, "missing_lines": [95], "excluded_lines": [], "start_line": 94}, "EntityExtractor._init_patterns": {"executed_lines": [], "summary": {"covered_lines": 0, "num_statements": 10, "percent_covered": 0.0, "percent_covered_display": "0", "missing_lines": 10, "excluded_lines": 0, "percent_statements_covered": 0.0, "percent_statements_covered_display": "0"}, "missing_lines": [101, 119, 137, 152, 162, 173, 181, 194, 204, 212], "excluded_lines": [], "start_line": 97}, "EntityExtractor.extract": {"executed_lines": [], "summary": {"covered_lines": 0, "num_statements": 20, "percent_covered": 0.0, "percent_covered_display": "0", "missing_lines": 20, "excluded_lines": 0, "percent_statements_covered": 0.0, "percent_statements_covered_display": "0"}, "missing_lines": [242, 243, 246, 259, 260, 261, 262, 263, 269, 272, 278, 279, 280, 281, 282, 284, 285, 286, 293, 295], "excluded_lines": [], "start_line": 232}, "EntityExtractor.extract_relations": {"executed_lines": [], "summary": {"covered_lines": 0, "num_statements": 13, "percent_covered": 0.0, "percent_covered_display": "0", "missing_lines": 13, "excluded_lines": 0, "percent_statements_covered": 0.0, "percent_statements_covered_display": "0"}, "missing_lines": [306, 307, 310, 313, 314, 315, 316, 323, 324, 325, 326, 327, 333], "excluded_lines": [], "start_line": 297}, "DeepGraphTraversal.__init__": {"executed_lines": [], "summary": {"covered_lines": 0, "num_statements": 5, "percent_covered": 0.0, "percent_covered_display": "0", "missing_lines": 5, "excluded_lines": 0, "percent_statements_covered": 0.0, "percent_statements_covered_display": "0"}, "missing_lines": [363, 364, 365, 367, 369], "excluded_lines": [], "start_line": 362}, "DeepGraphTraversal.traverse": {"executed_lines": [], "summary": {"covered_lines": 0, "num_statements": 9, "percent_covered": 0.0, "percent_covered_display": "0", "missing_lines": 9, "excluded_lines": 0, "percent_statements_covered": 0.0, "percent_statements_covered_display": "0"}, "missing_lines": [392, 394, 396, 398, 400, 405, 408, 411, 412], "excluded_lines": [], "start_line": 371}, "DeepGraphTraversal._find_nodes": {"executed_lines": [], "summary": {"covered_lines": 0, "num_statements": 7, "percent_covered": 0.0, "percent_covered_display": "0", "missing_lines": 7, "excluded_lines": 0, "percent_statements_covered": 0.0, "percent_statements_covered_display": "0"}, "missing_lines": [416, 417, 419, 420, 421, 422, 424], "excluded_lines": [], "start_line": 414}, "DeepGraphTraversal._bfs_traverse": {"executed_lines": [], "summary": {"covered_lines": 0, "num_statements": 22, "percent_covered": 0.0, "percent_covered_display": "0", "missing_lines": 22, "excluded_lines": 0, "percent_statements_covered": 0.0, "percent_statements_covered_display": "0"}, "missing_lines": [433, 434, 435, 437, 438, 440, 441, 442, 446, 448, 451, 452, 453, 455, 458, 459, 461, 462, 470, 473, 474, 479], "excluded_lines": [], "start_line": 426}, "DeepGraphTraversal._score_paths": {"executed_lines": [], "summary": {"covered_lines": 0, "num_statements": 10, "percent_covered": 0.0, "percent_covered_display": "0", "missing_lines": 10, "excluded_lines": 0, "percent_statements_covered": 0.0, "percent_statements_covered_display": "0"}, "missing_lines": [483, 484, 485, 486, 489, 490, 493, 495, 498, 500], "excluded_lines": [], "start_line": 481}, "DeepGraphTraversal._generate_path_context": {"executed_lines": [], "summary": {"covered_lines": 0, "num_statements": 12, "percent_covered": 0.0, "percent_covered_display": "0", "missing_lines": 12, "excluded_lines": 0, "percent_statements_covered": 0.0, "percent_statements_covered_display": "0"}, "missing_lines": [504, 505, 507, 508, 509, 510, 511, 512, 514, 515, 517, 519], "excluded_lines": [], "start_line": 502}, "DeepGraphTraversal.find_connections": {"executed_lines": [], "summary": {"covered_lines": 0, "num_statements": 21, "percent_covered": 0.0, "percent_covered_display": "0", "missing_lines": 21, "excluded_lines": 0, "percent_statements_covered": 0.0, "percent_statements_covered_display": "0"}, "missing_lines": [533, 534, 535, 537, 538, 539, 541, 542, 544, 545, 547, 548, 552, 554, 556, 557, 558, 560, 561, 569, 571], "excluded_lines": [], "start_line": 521}, "AgentNode.__init__": {"executed_lines": [], "summary": {"covered_lines": 0, "num_statements": 2, "percent_covered": 0.0, "percent_covered_display": "0", "missing_lines": 2, "excluded_lines": 0, "percent_statements_covered": 0.0, "percent_statements_covered_display": "0"}, "missing_lines": [626, 627], "excluded_lines": [], "start_line": 625}, "AgentNode.__call__": {"executed_lines": [], "summary": {"covered_lines": 0, "num_statements": 1, "percent_covered": 0.0, "percent_covered_display": "0", "missing_lines": 1, "excluded_lines": 0, "percent_statements_covered": 0.0, "percent_statements_covered_display": "0"}, "missing_lines": [631], "excluded_lines": [], "start_line": 629}, "AgentOrchestrator.__init__": {"executed_lines": [], "summary": {"covered_lines": 0, "num_statements": 7, "percent_covered": 0.0, "percent_covered_display": "0", "missing_lines": 7, "excluded_lines": 0, "percent_statements_covered": 0.0, "percent_statements_covered_display": "0"}, "missing_lines": [654, 655, 656, 657, 660, 661, 662], "excluded_lines": [], "start_line": 653}, "AgentOrchestrator.deep_traversal": {"executed_lines": [], "summary": {"covered_lines": 0, "num_statements": 3, "percent_covered": 0.0, "percent_covered_display": "0", "missing_lines": 3, "excluded_lines": 0, "percent_statements_covered": 0.0, "percent_statements_covered_display": "0"}, "missing_lines": [667, 668, 669], "excluded_lines": [], "start_line": 665}, "AgentOrchestrator.graph_rag": {"executed_lines": [], "summary": {"covered_lines": 0, "num_statements": 3, "percent_covered": 0.0, "percent_covered_display": "0", "missing_lines": 3, "excluded_lines": 0, "percent_statements_covered": 0.0, "percent_statements_covered_display": "0"}, "missing_lines": [674, 675, 676], "excluded_lines": [], "start_line": 672}, "AgentOrchestrator._get_nodes": {"executed_lines": [], "summary": {"covered_lines": 0, "num_statements": 1, "percent_covered": 0.0, "percent_covered_display": "0", "missing_lines": 1, "excluded_lines": 0, "percent_statements_covered": 0.0, "percent_statements_covered_display": "0"}, "missing_lines": [680], "excluded_lines": [], "start_line": 678}, "AgentOrchestrator._get_transitions": {"executed_lines": [], "summary": {"covered_lines": 0, "num_statements": 1, "percent_covered": 0.0, "percent_covered_display": "0", "missing_lines": 1, "excluded_lines": 0, "percent_statements_covered": 0.0, "percent_statements_covered_display": "0"}, "missing_lines": [691], "excluded_lines": [], "start_line": 689}, "AgentOrchestrator.run": {"executed_lines": [], "summary": {"covered_lines": 0, "num_statements": 20, "percent_covered": 0.0, "percent_covered_display": "0", "missing_lines": 20, "excluded_lines": 0, "percent_statements_covered": 0.0, "percent_statements_covered_display": "0"}, "missing_lines": [713, 721, 722, 723, 724, 726, 727, 729, 730, 731, 734, 737, 744, 745, 747, 749, 750, 751, 752, 754], "excluded_lines": [], "start_line": 700}, "AgentOrchestrator._analyze": {"executed_lines": [], "summary": {"covered_lines": 0, "num_statements": 7, "percent_covered": 0.0, "percent_covered_display": "0", "missing_lines": 7, "excluded_lines": 0, "percent_statements_covered": 0.0, "percent_statements_covered_display": "0"}, "missing_lines": [758, 759, 762, 763, 764, 766, 776], "excluded_lines": [], "start_line": 756}, "AgentOrchestrator._extract_entities": {"executed_lines": [], "summary": {"covered_lines": 0, "num_statements": 13, "percent_covered": 0.0, "percent_covered_display": "0", "missing_lines": 13, "excluded_lines": 0, "percent_statements_covered": 0.0, "percent_statements_covered_display": "0"}, "missing_lines": [781, 784, 785, 788, 789, 790, 791, 792, 793, 795, 798, 800, 806], "excluded_lines": [], "start_line": 778}, "AgentOrchestrator._search_graph": {"executed_lines": [], "summary": {"covered_lines": 0, "num_statements": 7, "percent_covered": 0.0, "percent_covered_display": "0", "missing_lines": 7, "excluded_lines": 0, "percent_statements_covered": 0.0, "percent_statements_covered_display": "0"}, "missing_lines": [810, 811, 814, 817, 818, 820, 827], "excluded_lines": [], "start_line": 808}, "AgentOrchestrator._deep_traverse": {"executed_lines": [], "summary": {"covered_lines": 0, "num_statements": 9, "percent_covered": 0.0, "percent_covered_display": "0", "missing_lines": 9, "excluded_lines": 0, "percent_statements_covered": 0.0, "percent_statements_covered_display": "0"}, "missing_lines": [831, 832, 835, 837, 838, 841, 847, 849, 857], "excluded_lines": [], "start_line": 829}, "AgentOrchestrator._synthesize": {"executed_lines": [], "summary": {"covered_lines": 0, "num_statements": 20, "percent_covered": 0.0, "percent_covered_display": "0", "missing_lines": 20, "excluded_lines": 0, "percent_statements_covered": 0.0, "percent_statements_covered_display": "0"}, "missing_lines": [861, 864, 865, 866, 869, 870, 874, 877, 878, 879, 880, 881, 883, 884, 886, 889, 892, 897, 899, 906], "excluded_lines": [], "start_line": 859}, "AgentOrchestrator._complete": {"executed_lines": [], "summary": {"covered_lines": 0, "num_statements": 2, "percent_covered": 0.0, "percent_covered_display": "0", "missing_lines": 2, "excluded_lines": 0, "percent_statements_covered": 0.0, "percent_statements_covered_display": "0"}, "missing_lines": [910, 911], "excluded_lines": [], "start_line": 908}, "agentic_query": {"executed_lines": [], "summary": {"covered_lines": 0, "num_statements": 3, "percent_covered": 0.0, "percent_covered_display": "0", "missing_lines": 3, "excluded_lines": 0, "percent_statements_covered": 0.0, "percent_statements_covered_display": "0"}, "missing_lines": [942, 943, 945], "excluded_lines": [], "start_line": 918}, "get_agent_orchestrator": {"executed_lines": [], "summary": {"covered_lines": 0, "num_statements": 3, "percent_covered": 0.0, "percent_covered_display": "0", "missing_lines": 3, "excluded_lines": 0, "percent_statements_covered": 0.0, "percent_statements_covered_display": "0"}, "missing_lines": [985, 986, 987], "excluded_lines": [], "start_line": 982}, "get_entity_extractor": {"executed_lines": [], "summary": {"covered_lines": 0, "num_statements": 3, "percent_covered": 0.0, "percent_covered_display": "0", "missing_lines": 3, "excluded_lines": 0, "percent_statements_covered": 0.0, "percent_statements_covered_display": "0"}, "missing_lines": [993, 994, 995], "excluded_lines": [], "start_line": 990}, "get_deep_traversal": {"executed_lines": [], "summary": {"covered_lines": 0, "num_statements": 3, "percent_covered": 0.0, "percent_covered_display": "0", "missing_lines": 3, "excluded_lines": 0, "percent_statements_covered": 0.0, "percent_statements_covered_display": "0"}, "missing_lines": [1001, 1002, 1003], "excluded_lines": [], "start_line": 998}, "": {"executed_lines": [], "summary": {"covered_lines": 0, "num_statements": 144, "percent_covered": 0.0, "percent_covered_display": "0", "missing_lines": 144, "excluded_lines": 0, "percent_statements_covered": 0.0, "percent_statements_covered_display": "0"}, "missing_lines": [20, 21, 22, 23, 24, 25, 26, 27, 28, 29, 32, 33, 34, 35, 36, 37, 38, 41, 42, 43, 44, 45, 46, 48, 49, 50, 51, 52, 53, 60, 62, 63, 64, 65, 66, 67, 68, 69, 70, 71, 72, 73, 76, 77, 79, 80, 81, 82, 83, 86, 94, 97, 232, 297, 340, 341, 343, 344, 345, 346, 349, 362, 371, 414, 426, 481, 502, 521, 578, 580, 581, 582, 583, 584, 585, 588, 589, 595, 596, 597, 598, 601, 602, 605, 606, 609, 610, 613, 614, 615, 616, 619, 625, 629, 634, 653, 664, 665, 671, 672, 678, 689, 700, 756, 778, 808, 829, 859, 908, 918, 977, 978, 979, 982, 990, 998, 1009, 1010, 1011, 1012, 1015, 1016, 1018, 1025, 1026, 1027, 1028, 1031, 1032, 1033, 1035, 1041, 1042, 1043, 1046, 1047, 1054, 1055, 1056, 1057, 1058, 1060, 1061, 1062], "excluded_lines": [], "start_line": 1}}, "classes": {"EntityType": {"executed_lines": [], "summary": {"covered_lines": 0, "num_statements": 0, "percent_covered": 100.0, "percent_covered_display": "100", "missing_lines": 0, "excluded_lines": 0, "percent_statements_covered": 100.0, "percent_statements_covered_display": "100"}, "missing_lines": [], "excluded_lines": [], "start_line": 60}, "Entity": {"executed_lines": [], "summary": {"covered_lines": 0, "num_statements": 0, "percent_covered": 100.0, "percent_covered_display": "100", "missing_lines": 0, "excluded_lines": 0, "percent_statements_covered": 100.0, "percent_statements_covered_display": "100"}, "missing_lines": [], "excluded_lines": [], "start_line": 77}, "EntityExtractor": {"executed_lines": [], "summary": {"covered_lines": 0, "num_statements": 44, "percent_covered": 0.0, "percent_covered_display": "0", "missing_lines": 44, "excluded_lines": 0, "percent_statements_covered": 0.0, "percent_statements_covered_display": "0"}, "missing_lines": [95, 101, 119, 137, 152, 162, 173, 181, 194, 204, 212, 242, 243, 246, 259, 260, 261, 262, 263, 269, 272, 278, 279, 280, 281, 282, 284, 285, 286, 293, 295, 306, 307, 310, 313, 314, 315, 316, 323, 324, 325, 326, 327, 333], "excluded_lines": [], "start_line": 86}, "TraversalPath": {"executed_lines": [], "summary": {"covered_lines": 0, "num_statements": 0, "percent_covered": 100.0, "percent_covered_display": "100", "missing_lines": 0, "excluded_lines": 0, "percent_statements_covered": 100.0, "percent_statements_covered_display": "100"}, "missing_lines": [], "excluded_lines": [], "start_line": 341}, "DeepGraphTraversal": {"executed_lines": [], "summary": {"covered_lines": 0, "num_statements": 86, "percent_covered": 0.0, "percent_covered_display": "0", "missing_lines": 86, "excluded_lines": 0, "percent_statements_covered": 0.0, "percent_statements_covered_display": "0"}, "missing_lines": [363, 364, 365, 367, 369, 392, 394, 396, 398, 400, 405, 408, 411, 412, 416, 417, 419, 420, 421, 422, 424, 433, 434, 435, 437, 438, 440, 441, 442, 446, 448, 451, 452, 453, 455, 458, 459, 461, 462, 470, 473, 474, 479, 483, 484, 485, 486, 489, 490, 493, 495, 498, 500, 504, 505, 507, 508, 509, 510, 511, 512, 514, 515, 517, 519, 533, 534, 535, 537, 538, 539, 541, 542, 544, 545, 547, 548, 552, 554, 556, 557, 558, 560, 561, 569, 571], "excluded_lines": [], "start_line": 349}, "AgentAction": {"executed_lines": [], "summary": {"covered_lines": 0, "num_statements": 0, "percent_covered": 100.0, "percent_covered_display": "100", "missing_lines": 0, "excluded_lines": 0, "percent_statements_covered": 100.0, "percent_statements_covered_display": "100"}, "missing_lines": [], "excluded_lines": [], "start_line": 578}, "AgentState": {"executed_lines": [], "summary": {"covered_lines": 0, "num_statements": 0, "percent_covered": 100.0, "percent_covered_display": "100", "missing_lines": 0, "excluded_lines": 0, "percent_statements_covered": 100.0, "percent_statements_covered_display": "100"}, "missing_lines": [], "excluded_lines": [], "start_line": 589}, "AgentNode": {"executed_lines": [], "summary": {"covered_lines": 0, "num_statements": 3, "percent_covered": 0.0, "percent_covered_display": "0", "missing_lines": 3, "excluded_lines": 0, "percent_statements_covered": 0.0, "percent_statements_covered_display": "0"}, "missing_lines": [626, 627, 631], "excluded_lines": [], "start_line": 619}, "AgentOrchestrator": {"executed_lines": [], "summary": {"covered_lines": 0, "num_statements": 93, "percent_covered": 0.0, "percent_covered_display": "0", "missing_lines": 93, "excluded_lines": 0, "percent_statements_covered": 0.0, "percent_statements_covered_display": "0"}, "missing_lines": [654, 655, 656, 657, 660, 661, 662, 667, 668, 669, 674, 675, 676, 680, 691, 713, 721, 722, 723, 724, 726, 727, 729, 730, 731, 734, 737, 744, 745, 747, 749, 750, 751, 752, 754, 758, 759, 762, 763, 764, 766, 776, 781, 784, 785, 788, 789, 790, 791, 792, 793, 795, 798, 800, 806, 810, 811, 814, 817, 818, 820, 827, 831, 832, 835, 837, 838, 841, 847, 849, 857, 861, 864, 865, 866, 869, 870, 874, 877, 878, 879, 880, 881, 883, 884, 886, 889, 892, 897, 899, 906, 910, 911], "excluded_lines": [], "start_line": 634}, "": {"executed_lines": [], "summary": {"covered_lines": 0, "num_statements": 156, "percent_covered": 0.0, "percent_covered_display": "0", "missing_lines": 156, "excluded_lines": 0, "percent_statements_covered": 0.0, "percent_statements_covered_display": "0"}, "missing_lines": [20, 21, 22, 23, 24, 25, 26, 27, 28, 29, 32, 33, 34, 35, 36, 37, 38, 41, 42, 43, 44, 45, 46, 48, 49, 50, 51, 52, 53, 60, 62, 63, 64, 65, 66, 67, 68, 69, 70, 71, 72, 73, 76, 77, 79, 80, 81, 82, 83, 86, 94, 97, 232, 297, 340, 341, 343, 344, 345, 346, 349, 362, 371, 414, 426, 481, 502, 521, 578, 580, 581, 582, 583, 584, 585, 588, 589, 595, 596, 597, 598, 601, 602, 605, 606, 609, 610, 613, 614, 615, 616, 619, 625, 629, 634, 653, 664, 665, 671, 672, 678, 689, 700, 756, 778, 808, 829, 859, 908, 918, 942, 943, 945, 977, 978, 979, 982, 985, 986, 987, 990, 993, 994, 995, 998, 1001, 1002, 1003, 1009, 1010, 1011, 1012, 1015, 1016, 1018, 1025, 1026, 1027, 1028, 1031, 1032, 1033, 1035, 1041, 1042, 1043, 1046, 1047, 1054, 1055, 1056, 1057, 1058, 1060, 1061, 1062], "excluded_lines": [], "start_line": 1}}}, "app\\app.py": {"executed_lines": [], "summary": {"covered_lines": 0, "num_statements": 915, "percent_covered": 0.0, "percent_covered_display": "0", "missing_lines": 915, "excluded_lines": 2, "percent_statements_covered": 0.0, "percent_statements_covered_display": "0"}, "missing_lines": [1, 2, 3, 4, 5, 8, 9, 10, 12, 15, 16, 17, 19, 20, 21, 22, 23, 24, 25, 26, 27, 29, 30, 31, 33, 34, 35, 36, 37, 38, 47, 57, 79, 93, 104, 106, 109, 110, 111, 112, 114, 116, 118, 120, 122, 130, 131, 132, 133, 134, 136, 137, 138, 139, 141, 142, 148, 149, 150, 152, 153, 154, 155, 156, 159, 160, 162, 165, 166, 167, 168, 169, 170, 171, 172, 173, 175, 176, 177, 179, 180, 181, 183, 184, 185, 187, 188, 189, 191, 192, 193, 196, 197, 199, 201, 202, 203, 204, 205, 206, 207, 208, 210, 211, 212, 214, 216, 217, 218, 219, 220, 223, 224, 226, 228, 229, 230, 231, 232, 233, 234, 235, 237, 238, 239, 242, 243, 244, 245, 246, 249, 250, 251, 252, 253, 256, 257, 258, 260, 262, 263, 264, 265, 266, 267, 268, 269, 270, 271, 273, 274, 275, 278, 279, 281, 283, 284, 285, 286, 287, 288, 289, 290, 291, 293, 294, 295, 297, 298, 299, 302, 303, 305, 307, 308, 309, 310, 311, 312, 313, 314, 315, 317, 318, 319, 321, 322, 323, 327, 328, 330, 333, 334, 335, 336, 337, 338, 339, 340, 341, 343, 345, 346, 348, 350, 351, 353, 355, 356, 358, 360, 361, 364, 365, 366, 369, 370, 372, 374, 375, 376, 377, 378, 379, 380, 381, 382, 384, 385, 386, 388, 390, 391, 394, 395, 396, 397, 398, 399, 400, 402, 403, 404, 405, 406, 407, 409, 412, 413, 414, 416, 417, 424, 425, 426, 427, 430, 431, 436, 437, 438, 439, 442, 443, 447, 448, 449, 450, 453, 454, 456, 458, 459, 460, 461, 462, 463, 464, 465, 466, 468, 469, 470, 472, 473, 474, 477, 478, 479, 480, 481, 482, 483, 484, 488, 489, 490, 491, 492, 493, 496, 497, 499, 501, 502, 503, 504, 505, 506, 507, 508, 509, 511, 512, 513, 516, 517, 522, 523, 524, 525, 528, 529, 535, 536, 537, 538, 541, 544, 545, 549, 550, 553, 560, 561, 563, 573, 574, 577, 578, 580, 581, 582, 591, 592, 593, 594, 595, 596, 597, 598, 604, 606, 607, 608, 609, 610, 611, 612, 613, 614, 616, 617, 618, 619, 620, 622, 624, 626, 628, 630, 631, 636, 641, 651, 655, 656, 658, 661, 662, 667, 668, 669, 670, 671, 672, 673, 674, 675, 676, 679, 680, 688, 689, 690, 691, 692, 693, 694, 695, 696, 697, 699, 700, 701, 703, 705, 706, 708, 714, 715, 716, 718, 723, 739, 740, 741, 742, 744, 745, 746, 747, 749, 750, 752, 757, 758, 760, 761, 763, 779, 780, 781, 782, 783, 784, 785, 786, 787, 788, 790, 791, 793, 795, 796, 798, 799, 801, 802, 803, 805, 808, 809, 810, 811, 812, 813, 814, 815, 816, 817, 819, 821, 823, 840, 842, 843, 844, 845, 846, 847, 848, 850, 852, 853, 854, 855, 856, 857, 858, 860, 862, 863, 865, 866, 868, 869, 872, 874, 875, 876, 877, 878, 879, 881, 884, 885, 887, 893, 895, 896, 898, 899, 901, 902, 903, 905, 911, 914, 915, 917, 918, 919, 921, 922, 923, 925, 926, 927, 928, 929, 930, 931, 932, 933, 934, 936, 937, 939, 948, 949, 951, 954, 962, 963, 964, 969, 970, 971, 972, 974, 975, 978, 979, 981, 986, 987, 988, 989, 991, 996, 997, 1000, 1002, 1003, 1004, 1005, 1006, 1007, 1008, 1009, 1010, 1011, 1012, 1013, 1014, 1016, 1017, 1018, 1019, 1020, 1021, 1022, 1023, 1024, 1025, 1026, 1027, 1028, 1029, 1030, 1032, 1033, 1034, 1035, 1036, 1037, 1038, 1039, 1040, 1041, 1042, 1043, 1044, 1045, 1046, 1047, 1048, 1049, 1050, 1051, 1052, 1053, 1054, 1055, 1056, 1057, 1058, 1059, 1060, 1062, 1064, 1065, 1067, 1068, 1069, 1071, 1072, 1073, 1074, 1075, 1076, 1078, 1079, 1080, 1081, 1082, 1083, 1084, 1085, 1086, 1087, 1088, 1089, 1091, 1092, 1093, 1094, 1097, 1098, 1100, 1101, 1102, 1103, 1104, 1106, 1107, 1108, 1109, 1110, 1111, 1112, 1113, 1114, 1116, 1117, 1118, 1119, 1120, 1121, 1122, 1123, 1124, 1125, 1127, 1160, 1162, 1163, 1164, 1165, 1166, 1167, 1168, 1169, 1170, 1171, 1173, 1175, 1176, 1177, 1179, 1184, 1185, 1186, 1187, 1189, 1197, 1198, 1207, 1208, 1209, 1210, 1211, 1212, 1215, 1216, 1217, 1218, 1219, 1222, 1223, 1224, 1225, 1226, 1227, 1229, 1230, 1233, 1242, 1256, 1257, 1258, 1259, 1263, 1264, 1265, 1269, 1270, 1271, 1272, 1273, 1274, 1275, 1278, 1279, 1280, 1281, 1283, 1286, 1287, 1288, 1289, 1290, 1291, 1292, 1295, 1296, 1297, 1298, 1299, 1300, 1301, 1302, 1303, 1305, 1315, 1316, 1317, 1320, 1321, 1322, 1323, 1327, 1328, 1329, 1333, 1334, 1335, 1336, 1337, 1338, 1341, 1342, 1344, 1349, 1350, 1351, 1352, 1353, 1354, 1356, 1357, 1358, 1360, 1362, 1364, 1365, 1366, 1368, 1369, 1370, 1372, 1373, 1374, 1376, 1378, 1379, 1380, 1386, 1387, 1388, 1393, 1395, 1396, 1398, 1400, 1403, 1404, 1405, 1408, 1409, 1412, 1413, 1414, 1417, 1418, 1419, 1422, 1423, 1424, 1427, 1428, 1429, 1431, 1432, 1433, 1434, 1437, 1438, 1440, 1441, 1443, 1444, 1447, 1448, 1451, 1452, 1453, 1454, 1455, 1457, 1458, 1464, 1466, 1468, 1469, 1470, 1471, 1474, 1475, 1476, 1477, 1481, 1482, 1483, 1484, 1486, 1487, 1488, 1489, 1490, 1491, 1493, 1495, 1496, 1497, 1499, 1500, 1501, 1502, 1503, 1504, 1505, 1506, 1507, 1508, 1510, 1511, 1512, 1513, 1515, 1516, 1517, 1520, 1531, 1532, 1533, 1534, 1535, 1537, 1538, 1539, 1540, 1541, 1542, 1546, 1547, 1548, 1554, 1555, 1556, 1563, 1564, 1565, 1572, 1573, 1574, 1581, 1582, 1583, 1584, 1591, 1592, 1594, 1595, 1623, 1625, 1626, 1627, 1629, 1630, 1631, 1632, 1635, 1637], "excluded_lines": [583, 584], "functions": {"_get_fusion_generate": {"executed_lines": [], "summary": {"covered_lines": 0, "num_statements": 4, "percent_covered": 0.0, "percent_covered_display": "0", "missing_lines": 4, "excluded_lines": 0, "percent_statements_covered": 0.0, "percent_statements_covered_display": "0"}, "missing_lines": [109, 110, 111, 112], "excluded_lines": [], "start_line": 106}, "_generate_with_gpt4": {"executed_lines": [], "summary": {"covered_lines": 0, "num_statements": 1, "percent_covered": 0.0, "percent_covered_display": "0", "missing_lines": 1, "excluded_lines": 0, "percent_statements_covered": 0.0, "percent_statements_covered_display": "0"}, "missing_lines": [116], "excluded_lines": [], "start_line": 114}, "refine_with_gpt5mini": {"executed_lines": [], "summary": {"covered_lines": 0, "num_statements": 1, "percent_covered": 0.0, "percent_covered_display": "0", "missing_lines": 1, "excluded_lines": 0, "percent_statements_covered": 0.0, "percent_statements_covered_display": "0"}, "missing_lines": [120], "excluded_lines": [], "start_line": 118}, "_get_iching_rag": {"executed_lines": [], "summary": {"covered_lines": 0, "num_statements": 9, "percent_covered": 0.0, "percent_covered_display": "0", "missing_lines": 9, "excluded_lines": 0, "percent_statements_covered": 0.0, "percent_statements_covered_display": "0"}, "missing_lines": [165, 166, 167, 168, 169, 170, 171, 172, 173], "excluded_lines": [], "start_line": 162}, "cast_hexagram": {"executed_lines": [], "summary": {"covered_lines": 0, "num_statements": 2, "percent_covered": 0.0, "percent_covered_display": "0", "missing_lines": 2, "excluded_lines": 0, "percent_statements_covered": 0.0, "percent_statements_covered_display": "0"}, "missing_lines": [176, 177], "excluded_lines": [], "start_line": 175}, "get_hexagram_interpretation": {"executed_lines": [], "summary": {"covered_lines": 0, "num_statements": 2, "percent_covered": 0.0, "percent_covered_display": "0", "missing_lines": 2, "excluded_lines": 0, "percent_statements_covered": 0.0, "percent_statements_covered_display": "0"}, "missing_lines": [180, 181], "excluded_lines": [], "start_line": 179}, "perform_iching_reading": {"executed_lines": [], "summary": {"covered_lines": 0, "num_statements": 2, "percent_covered": 0.0, "percent_covered_display": "0", "missing_lines": 2, "excluded_lines": 0, "percent_statements_covered": 0.0, "percent_statements_covered_display": "0"}, "missing_lines": [184, 185], "excluded_lines": [], "start_line": 183}, "search_iching_wisdom": {"executed_lines": [], "summary": {"covered_lines": 0, "num_statements": 2, "percent_covered": 0.0, "percent_covered_display": "0", "missing_lines": 2, "excluded_lines": 0, "percent_statements_covered": 0.0, "percent_statements_covered_display": "0"}, "missing_lines": [188, 189], "excluded_lines": [], "start_line": 187}, "get_all_hexagrams_summary": {"executed_lines": [], "summary": {"covered_lines": 0, "num_statements": 2, "percent_covered": 0.0, "percent_covered_display": "0", "missing_lines": 2, "excluded_lines": 0, "percent_statements_covered": 0.0, "percent_statements_covered_display": "0"}, "missing_lines": [192, 193], "excluded_lines": [], "start_line": 191}, "_get_persona_embed_module": {"executed_lines": [], "summary": {"covered_lines": 0, "num_statements": 8, "percent_covered": 0.0, "percent_covered_display": "0", "missing_lines": 8, "excluded_lines": 0, "percent_statements_covered": 0.0, "percent_statements_covered_display": "0"}, "missing_lines": [201, 202, 203, 204, 205, 206, 207, 208], "excluded_lines": [], "start_line": 199}, "get_persona_embed_rag": {"executed_lines": [], "summary": {"covered_lines": 0, "num_statements": 2, "percent_covered": 0.0, "percent_covered_display": "0", "missing_lines": 2, "excluded_lines": 0, "percent_statements_covered": 0.0, "percent_statements_covered_display": "0"}, "missing_lines": [211, 212], "excluded_lines": [], "start_line": 210}, "_get_tarot_hybrid_rag_module": {"executed_lines": [], "summary": {"covered_lines": 0, "num_statements": 8, "percent_covered": 0.0, "percent_covered_display": "0", "missing_lines": 8, "excluded_lines": 0, "percent_statements_covered": 0.0, "percent_statements_covered_display": "0"}, "missing_lines": [228, 229, 230, 231, 232, 233, 234, 235], "excluded_lines": [], "start_line": 226}, "get_tarot_hybrid_rag": {"executed_lines": [], "summary": {"covered_lines": 0, "num_statements": 2, "percent_covered": 0.0, "percent_covered_display": "0", "missing_lines": 2, "excluded_lines": 0, "percent_statements_covered": 0.0, "percent_statements_covered_display": "0"}, "missing_lines": [238, 239], "excluded_lines": [], "start_line": 237}, "_get_domain_rag_module": {"executed_lines": [], "summary": {"covered_lines": 0, "num_statements": 10, "percent_covered": 0.0, "percent_covered_display": "0", "missing_lines": 10, "excluded_lines": 0, "percent_statements_covered": 0.0, "percent_statements_covered_display": "0"}, "missing_lines": [262, 263, 264, 265, 266, 267, 268, 269, 270, 271], "excluded_lines": [], "start_line": 260}, "get_domain_rag": {"executed_lines": [], "summary": {"covered_lines": 0, "num_statements": 2, "percent_covered": 0.0, "percent_covered_display": "0", "missing_lines": 2, "excluded_lines": 0, "percent_statements_covered": 0.0, "percent_statements_covered_display": "0"}, "missing_lines": [274, 275], "excluded_lines": [], "start_line": 273}, "_get_compatibility_module": {"executed_lines": [], "summary": {"covered_lines": 0, "num_statements": 9, "percent_covered": 0.0, "percent_covered_display": "0", "missing_lines": 9, "excluded_lines": 0, "percent_statements_covered": 0.0, "percent_statements_covered_display": "0"}, "missing_lines": [283, 284, 285, 286, 287, 288, 289, 290, 291], "excluded_lines": [], "start_line": 281}, "interpret_compatibility": {"executed_lines": [], "summary": {"covered_lines": 0, "num_statements": 2, "percent_covered": 0.0, "percent_covered_display": "0", "missing_lines": 2, "excluded_lines": 0, "percent_statements_covered": 0.0, "percent_statements_covered_display": "0"}, "missing_lines": [294, 295], "excluded_lines": [], "start_line": 293}, "interpret_compatibility_group": {"executed_lines": [], "summary": {"covered_lines": 0, "num_statements": 2, "percent_covered": 0.0, "percent_covered_display": "0", "missing_lines": 2, "excluded_lines": 0, "percent_statements_covered": 0.0, "percent_statements_covered_display": "0"}, "missing_lines": [298, 299], "excluded_lines": [], "start_line": 297}, "_get_hybrid_rag_module": {"executed_lines": [], "summary": {"covered_lines": 0, "num_statements": 9, "percent_covered": 0.0, "percent_covered_display": "0", "missing_lines": 9, "excluded_lines": 0, "percent_statements_covered": 0.0, "percent_statements_covered_display": "0"}, "missing_lines": [307, 308, 309, 310, 311, 312, 313, 314, 315], "excluded_lines": [], "start_line": 305}, "hybrid_search": {"executed_lines": [], "summary": {"covered_lines": 0, "num_statements": 2, "percent_covered": 0.0, "percent_covered_display": "0", "missing_lines": 2, "excluded_lines": 0, "percent_statements_covered": 0.0, "percent_statements_covered_display": "0"}, "missing_lines": [318, 319], "excluded_lines": [], "start_line": 317}, "build_rag_context": {"executed_lines": [], "summary": {"covered_lines": 0, "num_statements": 2, "percent_covered": 0.0, "percent_covered_display": "0", "missing_lines": 2, "excluded_lines": 0, "percent_statements_covered": 0.0, "percent_statements_covered_display": "0"}, "missing_lines": [322, 323], "excluded_lines": [], "start_line": 321}, "_get_agentic_rag": {"executed_lines": [], "summary": {"covered_lines": 0, "num_statements": 9, "percent_covered": 0.0, "percent_covered_display": "0", "missing_lines": 9, "excluded_lines": 0, "percent_statements_covered": 0.0, "percent_statements_covered_display": "0"}, "missing_lines": [333, 334, 335, 336, 337, 338, 339, 340, 341], "excluded_lines": [], "start_line": 330}, "agentic_query": {"executed_lines": [], "summary": {"covered_lines": 0, "num_statements": 2, "percent_covered": 0.0, "percent_covered_display": "0", "missing_lines": 2, "excluded_lines": 0, "percent_statements_covered": 0.0, "percent_statements_covered_display": "0"}, "missing_lines": [345, 346], "excluded_lines": [], "start_line": 343}, "get_agent_orchestrator": {"executed_lines": [], "summary": {"covered_lines": 0, "num_statements": 2, "percent_covered": 0.0, "percent_covered_display": "0", "missing_lines": 2, "excluded_lines": 0, "percent_statements_covered": 0.0, "percent_statements_covered_display": "0"}, "missing_lines": [350, 351], "excluded_lines": [], "start_line": 348}, "get_entity_extractor": {"executed_lines": [], "summary": {"covered_lines": 0, "num_statements": 2, "percent_covered": 0.0, "percent_covered_display": "0", "missing_lines": 2, "excluded_lines": 0, "percent_statements_covered": 0.0, "percent_statements_covered_display": "0"}, "missing_lines": [355, 356], "excluded_lines": [], "start_line": 353}, "get_deep_traversal": {"executed_lines": [], "summary": {"covered_lines": 0, "num_statements": 2, "percent_covered": 0.0, "percent_covered_display": "0", "missing_lines": 2, "excluded_lines": 0, "percent_statements_covered": 0.0, "percent_statements_covered_display": "0"}, "missing_lines": [360, 361], "excluded_lines": [], "start_line": 358}, "_get_counseling_engine_module": {"executed_lines": [], "summary": {"covered_lines": 0, "num_statements": 9, "percent_covered": 0.0, "percent_covered_display": "0", "missing_lines": 9, "excluded_lines": 0, "percent_statements_covered": 0.0, "percent_statements_covered_display": "0"}, "missing_lines": [374, 375, 376, 377, 378, 379, 380, 381, 382], "excluded_lines": [], "start_line": 372}, "get_counseling_engine": {"executed_lines": [], "summary": {"covered_lines": 0, "num_statements": 2, "percent_covered": 0.0, "percent_covered_display": "0", "missing_lines": 2, "excluded_lines": 0, "percent_statements_covered": 0.0, "percent_statements_covered_display": "0"}, "missing_lines": [385, 386], "excluded_lines": [], "start_line": 384}, "_get_crisis_detector": {"executed_lines": [], "summary": {"covered_lines": 0, "num_statements": 2, "percent_covered": 0.0, "percent_covered_display": "0", "missing_lines": 2, "excluded_lines": 0, "percent_statements_covered": 0.0, "percent_statements_covered_display": "0"}, "missing_lines": [390, 391], "excluded_lines": [], "start_line": 388}, "_CrisisDetectorProxy.detect_crisis": {"executed_lines": [], "summary": {"covered_lines": 0, "num_statements": 4, "percent_covered": 0.0, "percent_covered_display": "0", "missing_lines": 4, "excluded_lines": 0, "percent_statements_covered": 0.0, "percent_statements_covered_display": "0"}, "missing_lines": [397, 398, 399, 400], "excluded_lines": [], "start_line": 396}, "_CrisisDetectorProxy.get_crisis_response": {"executed_lines": [], "summary": {"covered_lines": 0, "num_statements": 4, "percent_covered": 0.0, "percent_covered_display": "0", "missing_lines": 4, "excluded_lines": 0, "percent_statements_covered": 0.0, "percent_statements_covered_display": "0"}, "missing_lines": [404, 405, 406, 407], "excluded_lines": [], "start_line": 403}, "_get_saju_astro_rag_module": {"executed_lines": [], "summary": {"covered_lines": 0, "num_statements": 9, "percent_covered": 0.0, "percent_covered_display": "0", "missing_lines": 9, "excluded_lines": 0, "percent_statements_covered": 0.0, "percent_statements_covered_display": "0"}, "missing_lines": [458, 459, 460, 461, 462, 463, 464, 465, 466], "excluded_lines": [], "start_line": 456}, "get_graph_rag": {"executed_lines": [], "summary": {"covered_lines": 0, "num_statements": 2, "percent_covered": 0.0, "percent_covered_display": "0", "missing_lines": 2, "excluded_lines": 0, "percent_statements_covered": 0.0, "percent_statements_covered_display": "0"}, "missing_lines": [469, 470], "excluded_lines": [], "start_line": 468}, "get_model": {"executed_lines": [], "summary": {"covered_lines": 0, "num_statements": 2, "percent_covered": 0.0, "percent_covered_display": "0", "missing_lines": 2, "excluded_lines": 0, "percent_statements_covered": 0.0, "percent_statements_covered_display": "0"}, "missing_lines": [473, 474], "excluded_lines": [], "start_line": 472}, "_get_corpus_rag_module": {"executed_lines": [], "summary": {"covered_lines": 0, "num_statements": 9, "percent_covered": 0.0, "percent_covered_display": "0", "missing_lines": 9, "excluded_lines": 0, "percent_statements_covered": 0.0, "percent_statements_covered_display": "0"}, "missing_lines": [501, 502, 503, 504, 505, 506, 507, 508, 509], "excluded_lines": [], "start_line": 499}, "get_corpus_rag": {"executed_lines": [], "summary": {"covered_lines": 0, "num_statements": 2, "percent_covered": 0.0, "percent_covered_display": "0", "missing_lines": 2, "excluded_lines": 0, "percent_statements_covered": 0.0, "percent_statements_covered_display": "0"}, "missing_lines": [512, 513], "excluded_lines": [], "start_line": 511}, "sanitize_messages": {"executed_lines": [], "summary": {"covered_lines": 0, "num_statements": 14, "percent_covered": 0.0, "percent_covered_display": "0", "missing_lines": 14, "excluded_lines": 0, "percent_statements_covered": 0.0, "percent_statements_covered_display": "0"}, "missing_lines": [606, 607, 608, 609, 610, 611, 612, 613, 614, 616, 617, 618, 619, 620], "excluded_lines": [], "start_line": 604}, "mask_sensitive_data": {"executed_lines": [], "summary": {"covered_lines": 0, "num_statements": 5, "percent_covered": 0.0, "percent_covered_display": "0", "missing_lines": 5, "excluded_lines": 0, "percent_statements_covered": 0.0, "percent_statements_covered_display": "0"}, "missing_lines": [624, 626, 628, 630, 631], "excluded_lines": [], "start_line": 622}, "_load_integration_data": {"executed_lines": [], "summary": {"covered_lines": 0, "num_statements": 30, "percent_covered": 0.0, "percent_covered_display": "0", "missing_lines": 30, "excluded_lines": 0, "percent_statements_covered": 0.0, "percent_statements_covered_display": "0"}, "missing_lines": [655, 656, 658, 661, 662, 667, 668, 669, 670, 671, 672, 673, 674, 675, 676, 679, 680, 688, 689, 690, 691, 692, 693, 694, 695, 696, 697, 699, 700, 701], "excluded_lines": [], "start_line": 651}, "get_integration_context": {"executed_lines": [], "summary": {"covered_lines": 0, "num_statements": 7, "percent_covered": 0.0, "percent_covered_display": "0", "missing_lines": 7, "excluded_lines": 0, "percent_statements_covered": 0.0, "percent_statements_covered_display": "0"}, "missing_lines": [705, 706, 708, 714, 715, 716, 718], "excluded_lines": [], "start_line": 703}, "_load_jung_data": {"executed_lines": [], "summary": {"covered_lines": 0, "num_statements": 17, "percent_covered": 0.0, "percent_covered_display": "0", "missing_lines": 17, "excluded_lines": 0, "percent_statements_covered": 0.0, "percent_statements_covered_display": "0"}, "missing_lines": [757, 758, 760, 761, 763, 779, 780, 781, 782, 783, 784, 785, 786, 787, 788, 790, 791], "excluded_lines": [], "start_line": 752}, "get_lifespan_guidance": {"executed_lines": [], "summary": {"covered_lines": 0, "num_statements": 21, "percent_covered": 0.0, "percent_covered_display": "0", "missing_lines": 21, "excluded_lines": 0, "percent_statements_covered": 0.0, "percent_statements_covered_display": "0"}, "missing_lines": [795, 796, 798, 799, 801, 802, 803, 805, 808, 809, 810, 811, 812, 813, 814, 815, 816, 817, 819, 821, 823], "excluded_lines": [], "start_line": 793}, "get_cross_analysis_for_chart": {"executed_lines": [], "summary": {"covered_lines": 0, "num_statements": 7, "percent_covered": 0.0, "percent_covered_display": "0", "missing_lines": 7, "excluded_lines": 0, "percent_statements_covered": 0.0, "percent_statements_covered_display": "0"}, "missing_lines": [842, 843, 844, 845, 846, 847, 848], "excluded_lines": [], "start_line": 840}, "get_theme_fusion_rules": {"executed_lines": [], "summary": {"covered_lines": 0, "num_statements": 7, "percent_covered": 0.0, "percent_covered_display": "0", "missing_lines": 7, "excluded_lines": 0, "percent_statements_covered": 0.0, "percent_statements_covered_display": "0"}, "missing_lines": [852, 853, 854, 855, 856, 857, 858], "excluded_lines": [], "start_line": 850}, "get_active_imagination_prompts": {"executed_lines": [], "summary": {"covered_lines": 0, "num_statements": 17, "percent_covered": 0.0, "percent_covered_display": "0", "missing_lines": 17, "excluded_lines": 0, "percent_statements_covered": 0.0, "percent_statements_covered_display": "0"}, "missing_lines": [862, 863, 865, 866, 868, 869, 872, 874, 875, 876, 877, 878, 879, 881, 884, 885, 887], "excluded_lines": [], "start_line": 860}, "get_crisis_resources": {"executed_lines": [], "summary": {"covered_lines": 0, "num_statements": 8, "percent_covered": 0.0, "percent_covered_display": "0", "missing_lines": 8, "excluded_lines": 0, "percent_statements_covered": 0.0, "percent_statements_covered_display": "0"}, "missing_lines": [895, 896, 898, 899, 901, 902, 903, 905], "excluded_lines": [], "start_line": 893}, "_load_cross_analysis_cache": {"executed_lines": [], "summary": {"covered_lines": 0, "num_statements": 20, "percent_covered": 0.0, "percent_covered_display": "0", "missing_lines": 20, "excluded_lines": 0, "percent_statements_covered": 0.0, "percent_statements_covered_display": "0"}, "missing_lines": [914, 915, 917, 918, 919, 921, 922, 923, 925, 926, 927, 928, 929, 930, 931, 932, 933, 934, 936, 937], "excluded_lines": [], "start_line": 911}, "normalize_day_master": {"executed_lines": [], "summary": {"covered_lines": 0, "num_statements": 24, "percent_covered": 0.0, "percent_covered_display": "0", "missing_lines": 24, "excluded_lines": 0, "percent_statements_covered": 0.0, "percent_statements_covered_display": "0"}, "missing_lines": [948, 949, 951, 954, 962, 963, 964, 969, 970, 971, 972, 974, 975, 978, 979, 981, 986, 987, 988, 989, 991, 996, 997, 1000], "excluded_lines": [], "start_line": 939}, "_normalize_birth_date": {"executed_lines": [], "summary": {"covered_lines": 0, "num_statements": 27, "percent_covered": 0.0, "percent_covered_display": "0", "missing_lines": 27, "excluded_lines": 0, "percent_statements_covered": 0.0, "percent_statements_covered_display": "0"}, "missing_lines": [1003, 1004, 1005, 1006, 1007, 1008, 1009, 1010, 1011, 1012, 1013, 1014, 1016, 1017, 1018, 1019, 1020, 1021, 1022, 1023, 1024, 1025, 1026, 1027, 1028, 1029, 1030], "excluded_lines": [], "start_line": 1002}, "_normalize_birth_time": {"executed_lines": [], "summary": {"covered_lines": 0, "num_statements": 28, "percent_covered": 0.0, "percent_covered_display": "0", "missing_lines": 28, "excluded_lines": 0, "percent_statements_covered": 0.0, "percent_statements_covered_display": "0"}, "missing_lines": [1033, 1034, 1035, 1036, 1037, 1038, 1039, 1040, 1041, 1042, 1043, 1044, 1045, 1046, 1047, 1048, 1049, 1050, 1051, 1052, 1053, 1054, 1055, 1056, 1057, 1058, 1059, 1060], "excluded_lines": [], "start_line": 1032}, "_normalize_birth_payload": {"executed_lines": [], "summary": {"covered_lines": 0, "num_statements": 38, "percent_covered": 0.0, "percent_covered_display": "0", "missing_lines": 38, "excluded_lines": 0, "percent_statements_covered": 0.0, "percent_statements_covered_display": "0"}, "missing_lines": [1064, 1065, 1067, 1068, 1069, 1071, 1078, 1091, 1092, 1093, 1094, 1097, 1098, 1100, 1101, 1102, 1103, 1104, 1106, 1107, 1108, 1109, 1110, 1111, 1112, 1113, 1114, 1116, 1117, 1118, 1119, 1120, 1121, 1122, 1123, 1124, 1125, 1127], "excluded_lines": [], "start_line": 1062}, "_normalize_birth_payload._pick": {"executed_lines": [], "summary": {"covered_lines": 0, "num_statements": 5, "percent_covered": 0.0, "percent_covered_display": "0", "missing_lines": 5, "excluded_lines": 0, "percent_statements_covered": 0.0, "percent_statements_covered_display": "0"}, "missing_lines": [1072, 1073, 1074, 1075, 1076], "excluded_lines": [], "start_line": 1071}, "_normalize_birth_payload._coerce_float": {"executed_lines": [], "summary": {"covered_lines": 0, "num_statements": 11, "percent_covered": 0.0, "percent_covered_display": "0", "missing_lines": 11, "excluded_lines": 0, "percent_statements_covered": 0.0, "percent_statements_covered_display": "0"}, "missing_lines": [1079, 1080, 1081, 1082, 1083, 1084, 1085, 1086, 1087, 1088, 1089], "excluded_lines": [], "start_line": 1078}, "_cleanup_expired_sessions": {"executed_lines": [], "summary": {"covered_lines": 0, "num_statements": 10, "percent_covered": 0.0, "percent_covered_display": "0", "missing_lines": 10, "excluded_lines": 0, "percent_statements_covered": 0.0, "percent_statements_covered_display": "0"}, "missing_lines": [1162, 1163, 1164, 1165, 1166, 1167, 1168, 1169, 1170, 1171], "excluded_lines": [], "start_line": 1160}, "_evict_lru_sessions": {"executed_lines": [], "summary": {"covered_lines": 0, "num_statements": 8, "percent_covered": 0.0, "percent_covered_display": "0", "missing_lines": 8, "excluded_lines": 0, "percent_statements_covered": 0.0, "percent_statements_covered_display": "0"}, "missing_lines": [1175, 1176, 1177, 1179, 1184, 1185, 1186, 1187], "excluded_lines": [], "start_line": 1173}, "prefetch_all_rag_data": {"executed_lines": [], "summary": {"covered_lines": 0, "num_statements": 88, "percent_covered": 0.0, "percent_covered_display": "0", "missing_lines": 88, "excluded_lines": 0, "percent_statements_covered": 0.0, "percent_statements_covered_display": "0"}, "missing_lines": [1197, 1198, 1207, 1208, 1209, 1210, 1211, 1212, 1215, 1216, 1217, 1218, 1219, 1222, 1223, 1224, 1225, 1226, 1227, 1229, 1230, 1233, 1242, 1256, 1257, 1258, 1259, 1263, 1264, 1265, 1269, 1270, 1271, 1272, 1273, 1274, 1275, 1278, 1279, 1280, 1281, 1283, 1286, 1287, 1288, 1289, 1290, 1291, 1292, 1295, 1296, 1297, 1298, 1299, 1300, 1301, 1302, 1303, 1305, 1315, 1316, 1317, 1320, 1321, 1322, 1323, 1327, 1328, 1329, 1333, 1334, 1335, 1336, 1337, 1338, 1341, 1342, 1344, 1349, 1350, 1351, 1352, 1353, 1354, 1356, 1357, 1358, 1360], "excluded_lines": [], "start_line": 1189}, "get_session_rag_cache": {"executed_lines": [], "summary": {"covered_lines": 0, "num_statements": 9, "percent_covered": 0.0, "percent_covered_display": "0", "missing_lines": 9, "excluded_lines": 0, "percent_statements_covered": 0.0, "percent_statements_covered_display": "0"}, "missing_lines": [1364, 1365, 1366, 1368, 1369, 1370, 1372, 1373, 1374], "excluded_lines": [], "start_line": 1362}, "set_session_rag_cache": {"executed_lines": [], "summary": {"covered_lines": 0, "num_statements": 6, "percent_covered": 0.0, "percent_covered_display": "0", "missing_lines": 6, "excluded_lines": 0, "percent_statements_covered": 0.0, "percent_statements_covered_display": "0"}, "missing_lines": [1378, 1379, 1380, 1386, 1387, 1388], "excluded_lines": [], "start_line": 1376}, "warmup_models": {"executed_lines": [], "summary": {"covered_lines": 0, "num_statements": 31, "percent_covered": 0.0, "percent_covered_display": "0", "missing_lines": 31, "excluded_lines": 0, "percent_statements_covered": 0.0, "percent_statements_covered_display": "0"}, "missing_lines": [1395, 1396, 1398, 1400, 1403, 1404, 1405, 1408, 1409, 1412, 1413, 1414, 1417, 1418, 1419, 1422, 1423, 1424, 1427, 1428, 1429, 1431, 1432, 1433, 1434, 1437, 1438, 1440, 1441, 1443, 1444], "excluded_lines": [], "start_line": 1393}, "_client_id": {"executed_lines": [], "summary": {"covered_lines": 0, "num_statements": 1, "percent_covered": 0.0, "percent_covered_display": "0", "missing_lines": 1, "excluded_lines": 0, "percent_statements_covered": 0.0, "percent_statements_covered_display": "0"}, "missing_lines": [1458], "excluded_lines": [], "start_line": 1457}, "_check_rate": {"executed_lines": [], "summary": {"covered_lines": 0, "num_statements": 18, "percent_covered": 0.0, "percent_covered_display": "0", "missing_lines": 18, "excluded_lines": 0, "percent_statements_covered": 0.0, "percent_statements_covered_display": "0"}, "missing_lines": [1468, 1469, 1470, 1471, 1474, 1475, 1476, 1477, 1481, 1482, 1483, 1484, 1486, 1487, 1488, 1489, 1490, 1491], "excluded_lines": [], "start_line": 1466}, "_require_auth": {"executed_lines": [], "summary": {"covered_lines": 0, "num_statements": 13, "percent_covered": 0.0, "percent_covered_display": "0", "missing_lines": 13, "excluded_lines": 0, "percent_statements_covered": 0.0, "percent_statements_covered_display": "0"}, "missing_lines": [1495, 1496, 1497, 1499, 1500, 1501, 1502, 1503, 1504, 1505, 1506, 1507, 1508], "excluded_lines": [], "start_line": 1493}, "before_request": {"executed_lines": [], "summary": {"covered_lines": 0, "num_statements": 11, "percent_covered": 0.0, "percent_covered_display": "0", "missing_lines": 11, "excluded_lines": 0, "percent_statements_covered": 0.0, "percent_statements_covered_display": "0"}, "missing_lines": [1512, 1513, 1515, 1516, 1517, 1520, 1531, 1532, 1533, 1534, 1535], "excluded_lines": [], "start_line": 1511}, "after_request": {"executed_lines": [], "summary": {"covered_lines": 0, "num_statements": 7, "percent_covered": 0.0, "percent_covered_display": "0", "missing_lines": 7, "excluded_lines": 0, "percent_statements_covered": 0.0, "percent_statements_covered_display": "0"}, "missing_lines": [1539, 1540, 1541, 1542, 1546, 1547, 1548], "excluded_lines": [], "start_line": 1538}, "bad_request": {"executed_lines": [], "summary": {"covered_lines": 0, "num_statements": 1, "percent_covered": 0.0, "percent_covered_display": "0", "missing_lines": 1, "excluded_lines": 0, "percent_statements_covered": 0.0, "percent_statements_covered_display": "0"}, "missing_lines": [1556], "excluded_lines": [], "start_line": 1555}, "not_found": {"executed_lines": [], "summary": {"covered_lines": 0, "num_statements": 1, "percent_covered": 0.0, "percent_covered_display": "0", "missing_lines": 1, "excluded_lines": 0, "percent_statements_covered": 0.0, "percent_statements_covered_display": "0"}, "missing_lines": [1565], "excluded_lines": [], "start_line": 1564}, "method_not_allowed": {"executed_lines": [], "summary": {"covered_lines": 0, "num_statements": 1, "percent_covered": 0.0, "percent_covered_display": "0", "missing_lines": 1, "excluded_lines": 0, "percent_statements_covered": 0.0, "percent_statements_covered_display": "0"}, "missing_lines": [1574], "excluded_lines": [], "start_line": 1573}, "internal_error": {"executed_lines": [], "summary": {"covered_lines": 0, "num_statements": 2, "percent_covered": 0.0, "percent_covered_display": "0", "missing_lines": 2, "excluded_lines": 0, "percent_statements_covered": 0.0, "percent_statements_covered_display": "0"}, "missing_lines": [1583, 1584], "excluded_lines": [], "start_line": 1582}, "handle_exception": {"executed_lines": [], "summary": {"covered_lines": 0, "num_statements": 2, "percent_covered": 0.0, "percent_covered_display": "0", "missing_lines": 2, "excluded_lines": 0, "percent_statements_covered": 0.0, "percent_statements_covered_display": "0"}, "missing_lines": [1594, 1595], "excluded_lines": [], "start_line": 1592}, "_calculate_simple_saju": {"executed_lines": [], "summary": {"covered_lines": 0, "num_statements": 3, "percent_covered": 0.0, "percent_covered_display": "0", "missing_lines": 3, "excluded_lines": 0, "percent_statements_covered": 0.0, "percent_statements_covered_display": "0"}, "missing_lines": [1625, 1626, 1627], "excluded_lines": [], "start_line": 1623}, "": {"executed_lines": [], "summary": {"covered_lines": 0, "num_statements": 272, "percent_covered": 0.0, "percent_covered_display": "0", "missing_lines": 272, "excluded_lines": 2, "percent_statements_covered": 0.0, "percent_statements_covered_display": "0"}, "missing_lines": [1, 2, 3, 4, 5, 8, 9, 10, 12, 15, 16, 17, 19, 20, 21, 22, 23, 24, 25, 26, 27, 29, 30, 31, 33, 34, 35, 36, 37, 38, 47, 57, 79, 93, 104, 106, 114, 118, 122, 130, 131, 132, 133, 134, 136, 137, 138, 139, 141, 142, 148, 149, 150, 152, 153, 154, 155, 156, 159, 160, 162, 175, 179, 183, 187, 191, 196, 197, 199, 210, 214, 216, 217, 218, 219, 220, 223, 224, 226, 237, 242, 243, 244, 245, 246, 249, 250, 251, 252, 253, 256, 257, 258, 260, 273, 278, 279, 281, 293, 297, 302, 303, 305, 317, 321, 327, 328, 330, 343, 348, 353, 358, 364, 365, 366, 369, 370, 372, 384, 388, 394, 395, 396, 402, 403, 409, 412, 413, 414, 416, 417, 424, 425, 426, 427, 430, 431, 436, 437, 438, 439, 442, 443, 447, 448, 449, 450, 453, 454, 456, 468, 472, 477, 478, 479, 480, 481, 482, 483, 484, 488, 489, 490, 491, 492, 493, 496, 497, 499, 511, 516, 517, 522, 523, 524, 525, 528, 529, 535, 536, 537, 538, 541, 544, 545, 549, 550, 553, 560, 561, 563, 573, 574, 577, 578, 580, 581, 582, 591, 592, 593, 594, 595, 596, 597, 598, 604, 622, 636, 641, 651, 703, 723, 739, 740, 741, 742, 744, 745, 746, 747, 749, 750, 752, 793, 840, 850, 860, 893, 911, 939, 1002, 1032, 1062, 1160, 1173, 1189, 1362, 1376, 1393, 1447, 1448, 1451, 1452, 1453, 1454, 1455, 1457, 1464, 1466, 1493, 1510, 1511, 1537, 1538, 1554, 1555, 1563, 1564, 1572, 1573, 1581, 1582, 1591, 1592, 1623, 1629, 1630, 1631, 1632, 1635, 1637], "excluded_lines": [583, 584], "start_line": 1}}, "classes": {"_CrisisDetectorProxy": {"executed_lines": [], "summary": {"covered_lines": 0, "num_statements": 8, "percent_covered": 0.0, "percent_covered_display": "0", "missing_lines": 8, "excluded_lines": 0, "percent_statements_covered": 0.0, "percent_statements_covered_display": "0"}, "missing_lines": [397, 398, 399, 400, 404, 405, 406, 407], "excluded_lines": [], "start_line": 394}, "": {"executed_lines": [], "summary": {"covered_lines": 0, "num_statements": 907, "percent_covered": 0.0, "percent_covered_display": "0", "missing_lines": 907, "excluded_lines": 2, "percent_statements_covered": 0.0, "percent_statements_covered_display": "0"}, "missing_lines": [1, 2, 3, 4, 5, 8, 9, 10, 12, 15, 16, 17, 19, 20, 21, 22, 23, 24, 25, 26, 27, 29, 30, 31, 33, 34, 35, 36, 37, 38, 47, 57, 79, 93, 104, 106, 109, 110, 111, 112, 114, 116, 118, 120, 122, 130, 131, 132, 133, 134, 136, 137, 138, 139, 141, 142, 148, 149, 150, 152, 153, 154, 155, 156, 159, 160, 162, 165, 166, 167, 168, 169, 170, 171, 172, 173, 175, 176, 177, 179, 180, 181, 183, 184, 185, 187, 188, 189, 191, 192, 193, 196, 197, 199, 201, 202, 203, 204, 205, 206, 207, 208, 210, 211, 212, 214, 216, 217, 218, 219, 220, 223, 224, 226, 228, 229, 230, 231, 232, 233, 234, 235, 237, 238, 239, 242, 243, 244, 245, 246, 249, 250, 251, 252, 253, 256, 257, 258, 260, 262, 263, 264, 265, 266, 267, 268, 269, 270, 271, 273, 274, 275, 278, 279, 281, 283, 284, 285, 286, 287, 288, 289, 290, 291, 293, 294, 295, 297, 298, 299, 302, 303, 305, 307, 308, 309, 310, 311, 312, 313, 314, 315, 317, 318, 319, 321, 322, 323, 327, 328, 330, 333, 334, 335, 336, 337, 338, 339, 340, 341, 343, 345, 346, 348, 350, 351, 353, 355, 356, 358, 360, 361, 364, 365, 366, 369, 370, 372, 374, 375, 376, 377, 378, 379, 380, 381, 382, 384, 385, 386, 388, 390, 391, 394, 395, 396, 402, 403, 409, 412, 413, 414, 416, 417, 424, 425, 426, 427, 430, 431, 436, 437, 438, 439, 442, 443, 447, 448, 449, 450, 453, 454, 456, 458, 459, 460, 461, 462, 463, 464, 465, 466, 468, 469, 470, 472, 473, 474, 477, 478, 479, 480, 481, 482, 483, 484, 488, 489, 490, 491, 492, 493, 496, 497, 499, 501, 502, 503, 504, 505, 506, 507, 508, 509, 511, 512, 513, 516, 517, 522, 523, 524, 525, 528, 529, 535, 536, 537, 538, 541, 544, 545, 549, 550, 553, 560, 561, 563, 573, 574, 577, 578, 580, 581, 582, 591, 592, 593, 594, 595, 596, 597, 598, 604, 606, 607, 608, 609, 610, 611, 612, 613, 614, 616, 617, 618, 619, 620, 622, 624, 626, 628, 630, 631, 636, 641, 651, 655, 656, 658, 661, 662, 667, 668, 669, 670, 671, 672, 673, 674, 675, 676, 679, 680, 688, 689, 690, 691, 692, 693, 694, 695, 696, 697, 699, 700, 701, 703, 705, 706, 708, 714, 715, 716, 718, 723, 739, 740, 741, 742, 744, 745, 746, 747, 749, 750, 752, 757, 758, 760, 761, 763, 779, 780, 781, 782, 783, 784, 785, 786, 787, 788, 790, 791, 793, 795, 796, 798, 799, 801, 802, 803, 805, 808, 809, 810, 811, 812, 813, 814, 815, 816, 817, 819, 821, 823, 840, 842, 843, 844, 845, 846, 847, 848, 850, 852, 853, 854, 855, 856, 857, 858, 860, 862, 863, 865, 866, 868, 869, 872, 874, 875, 876, 877, 878, 879, 881, 884, 885, 887, 893, 895, 896, 898, 899, 901, 902, 903, 905, 911, 914, 915, 917, 918, 919, 921, 922, 923, 925, 926, 927, 928, 929, 930, 931, 932, 933, 934, 936, 937, 939, 948, 949, 951, 954, 962, 963, 964, 969, 970, 971, 972, 974, 975, 978, 979, 981, 986, 987, 988, 989, 991, 996, 997, 1000, 1002, 1003, 1004, 1005, 1006, 1007, 1008, 1009, 1010, 1011, 1012, 1013, 1014, 1016, 1017, 1018, 1019, 1020, 1021, 1022, 1023, 1024, 1025, 1026, 1027, 1028, 1029, 1030, 1032, 1033, 1034, 1035, 1036, 1037, 1038, 1039, 1040, 1041, 1042, 1043, 1044, 1045, 1046, 1047, 1048, 1049, 1050, 1051, 1052, 1053, 1054, 1055, 1056, 1057, 1058, 1059, 1060, 1062, 1064, 1065, 1067, 1068, 1069, 1071, 1072, 1073, 1074, 1075, 1076, 1078, 1079, 1080, 1081, 1082, 1083, 1084, 1085, 1086, 1087, 1088, 1089, 1091, 1092, 1093, 1094, 1097, 1098, 1100, 1101, 1102, 1103, 1104, 1106, 1107, 1108, 1109, 1110, 1111, 1112, 1113, 1114, 1116, 1117, 1118, 1119, 1120, 1121, 1122, 1123, 1124, 1125, 1127, 1160, 1162, 1163, 1164, 1165, 1166, 1167, 1168, 1169, 1170, 1171, 1173, 1175, 1176, 1177, 1179, 1184, 1185, 1186, 1187, 1189, 1197, 1198, 1207, 1208, 1209, 1210, 1211, 1212, 1215, 1216, 1217, 1218, 1219, 1222, 1223, 1224, 1225, 1226, 1227, 1229, 1230, 1233, 1242, 1256, 1257, 1258, 1259, 1263, 1264, 1265, 1269, 1270, 1271, 1272, 1273, 1274, 1275, 1278, 1279, 1280, 1281, 1283, 1286, 1287, 1288, 1289, 1290, 1291, 1292, 1295, 1296, 1297, 1298, 1299, 1300, 1301, 1302, 1303, 1305, 1315, 1316, 1317, 1320, 1321, 1322, 1323, 1327, 1328, 1329, 1333, 1334, 1335, 1336, 1337, 1338, 1341, 1342, 1344, 1349, 1350, 1351, 1352, 1353, 1354, 1356, 1357, 1358, 1360, 1362, 1364, 1365, 1366, 1368, 1369, 1370, 1372, 1373, 1374, 1376, 1378, 1379, 1380, 1386, 1387, 1388, 1393, 1395, 1396, 1398, 1400, 1403, 1404, 1405, 1408, 1409, 1412, 1413, 1414, 1417, 1418, 1419, 1422, 1423, 1424, 1427, 1428, 1429, 1431, 1432, 1433, 1434, 1437, 1438, 1440, 1441, 1443, 1444, 1447, 1448, 1451, 1452, 1453, 1454, 1455, 1457, 1458, 1464, 1466, 1468, 1469, 1470, 1471, 1474, 1475, 1476, 1477, 1481, 1482, 1483, 1484, 1486, 1487, 1488, 1489, 1490, 1491, 1493, 1495, 1496, 1497, 1499, 1500, 1501, 1502, 1503, 1504, 1505, 1506, 1507, 1508, 1510, 1511, 1512, 1513, 1515, 1516, 1517, 1520, 1531, 1532, 1533, 1534, 1535, 1537, 1538, 1539, 1540, 1541, 1542, 1546, 1547, 1548, 1554, 1555, 1556, 1563, 1564, 1565, 1572, 1573, 1574, 1581, 1582, 1583, 1584, 1591, 1592, 1594, 1595, 1623, 1625, 1626, 1627, 1629, 1630, 1631, 1632, 1635, 1637], "excluded_lines": [583, 584], "start_line": 1}}}, "app\\astro_parser.py": {"executed_lines": [], "summary": {"covered_lines": 0, "num_statements": 5, "percent_covered": 0.0, "percent_covered_display": "0", "missing_lines": 5, "excluded_lines": 0, "percent_statements_covered": 0.0, "percent_statements_covered_display": "0"}, "missing_lines": [2, 7, 9, 10, 12], "excluded_lines": [], "functions": {"calculate_astrology_data": {"executed_lines": [], "summary": {"covered_lines": 0, "num_statements": 4, "percent_covered": 0.0, "percent_covered_display": "0", "missing_lines": 4, "excluded_lines": 0, "percent_statements_covered": 0.0, "percent_statements_covered_display": "0"}, "missing_lines": [7, 9, 10, 12], "excluded_lines": [], "start_line": 2}, "": {"executed_lines": [], "summary": {"covered_lines": 0, "num_statements": 1, "percent_covered": 0.0, "percent_covered_display": "0", "missing_lines": 1, "excluded_lines": 0, "percent_statements_covered": 0.0, "percent_statements_covered_display": "0"}, "missing_lines": [2], "excluded_lines": [], "start_line": 1}}, "classes": {"": {"executed_lines": [], "summary": {"covered_lines": 0, "num_statements": 5, "percent_covered": 0.0, "percent_covered_display": "0", "missing_lines": 5, "excluded_lines": 0, "percent_statements_covered": 0.0, "percent_statements_covered_display": "0"}, "missing_lines": [2, 7, 9, 10, 12], "excluded_lines": [], "start_line": 1}}}, "app\\badge_system.py": {"executed_lines": [], "summary": {"covered_lines": 0, "num_statements": 216, "percent_covered": 0.0, "percent_covered_display": "0", "missing_lines": 216, "excluded_lines": 0, "percent_statements_covered": 0.0, "percent_statements_covered_display": "0"}, "missing_lines": [11, 12, 13, 14, 15, 16, 19, 20, 21, 22, 23, 24, 25, 26, 27, 29, 32, 34, 35, 36, 37, 38, 41, 42, 44, 45, 46, 47, 48, 49, 50, 51, 52, 53, 59, 276, 277, 279, 280, 281, 284, 285, 287, 288, 289, 290, 291, 292, 293, 295, 296, 297, 298, 299, 302, 309, 310, 315, 316, 317, 319, 320, 322, 327, 328, 330, 331, 332, 334, 335, 336, 337, 342, 344, 345, 346, 347, 349, 351, 353, 355, 356, 357, 358, 360, 362, 367, 380, 381, 382, 384, 387, 389, 390, 392, 393, 396, 397, 398, 399, 401, 402, 403, 404, 407, 409, 412, 413, 416, 417, 420, 423, 425, 426, 427, 429, 431, 436, 437, 438, 441, 442, 444, 446, 448, 449, 451, 452, 454, 455, 457, 458, 460, 461, 463, 464, 466, 467, 468, 470, 473, 475, 477, 479, 481, 482, 483, 484, 485, 486, 487, 488, 489, 490, 491, 492, 493, 495, 500, 502, 503, 504, 514, 516, 518, 519, 520, 522, 529, 530, 531, 532, 533, 544, 545, 546, 547, 549, 550, 551, 553, 565, 567, 587, 590, 593, 594, 595, 601, 742, 744, 750, 751, 753, 756, 758, 759, 760, 762, 770, 771, 772, 775, 776, 777, 778, 779, 780, 781, 782, 783, 784, 787, 788, 789, 790], "excluded_lines": [], "functions": {"BadgeProgress.__post_init__": {"executed_lines": [], "summary": {"covered_lines": 0, "num_statements": 4, "percent_covered": 0.0, "percent_covered_display": "0", "missing_lines": 4, "excluded_lines": 0, "percent_statements_covered": 0.0, "percent_statements_covered_display": "0"}, "missing_lines": [296, 297, 298, 299], "excluded_lines": [], "start_line": 295}, "BadgeSystem.__init__": {"executed_lines": [], "summary": {"covered_lines": 0, "num_statements": 1, "percent_covered": 0.0, "percent_covered_display": "0", "missing_lines": 1, "excluded_lines": 0, "percent_statements_covered": 0.0, "percent_statements_covered_display": "0"}, "missing_lines": [310], "excluded_lines": [], "start_line": 309}, "BadgeSystem._store": {"executed_lines": [], "summary": {"covered_lines": 0, "num_statements": 5, "percent_covered": 0.0, "percent_covered_display": "0", "missing_lines": 5, "excluded_lines": 0, "percent_statements_covered": 0.0, "percent_statements_covered_display": "0"}, "missing_lines": [316, 317, 319, 320, 322], "excluded_lines": [], "start_line": 315}, "BadgeSystem._retrieve": {"executed_lines": [], "summary": {"covered_lines": 0, "num_statements": 8, "percent_covered": 0.0, "percent_covered_display": "0", "missing_lines": 8, "excluded_lines": 0, "percent_statements_covered": 0.0, "percent_statements_covered_display": "0"}, "missing_lines": [328, 330, 331, 332, 334, 335, 336, 337], "excluded_lines": [], "start_line": 327}, "BadgeSystem.get_progress": {"executed_lines": [], "summary": {"covered_lines": 0, "num_statements": 4, "percent_covered": 0.0, "percent_covered_display": "0", "missing_lines": 4, "excluded_lines": 0, "percent_statements_covered": 0.0, "percent_statements_covered_display": "0"}, "missing_lines": [344, 345, 346, 347], "excluded_lines": [], "start_line": 342}, "BadgeSystem._save_progress": {"executed_lines": [], "summary": {"covered_lines": 0, "num_statements": 1, "percent_covered": 0.0, "percent_covered_display": "0", "missing_lines": 1, "excluded_lines": 0, "percent_statements_covered": 0.0, "percent_statements_covered_display": "0"}, "missing_lines": [351], "excluded_lines": [], "start_line": 349}, "BadgeSystem.get_user_badges": {"executed_lines": [], "summary": {"covered_lines": 0, "num_statements": 4, "percent_covered": 0.0, "percent_covered_display": "0", "missing_lines": 4, "excluded_lines": 0, "percent_statements_covered": 0.0, "percent_statements_covered_display": "0"}, "missing_lines": [355, 356, 357, 358], "excluded_lines": [], "start_line": 353}, "BadgeSystem._save_user_badges": {"executed_lines": [], "summary": {"covered_lines": 0, "num_statements": 1, "percent_covered": 0.0, "percent_covered_display": "0", "missing_lines": 1, "excluded_lines": 0, "percent_statements_covered": 0.0, "percent_statements_covered_display": "0"}, "missing_lines": [362], "excluded_lines": [], "start_line": 360}, "BadgeSystem.process_feedback": {"executed_lines": [], "summary": {"covered_lines": 0, "num_statements": 36, "percent_covered": 0.0, "percent_covered_display": "0", "missing_lines": 36, "excluded_lines": 0, "percent_statements_covered": 0.0, "percent_statements_covered_display": "0"}, "missing_lines": [380, 381, 382, 384, 387, 389, 390, 392, 393, 396, 397, 398, 399, 401, 402, 403, 404, 407, 409, 412, 413, 416, 417, 420, 423, 425, 426, 427, 429, 431, 436, 437, 438, 441, 442, 444], "excluded_lines": [], "start_line": 367}, "BadgeSystem._check_badge_condition": {"executed_lines": [], "summary": {"covered_lines": 0, "num_statements": 18, "percent_covered": 0.0, "percent_covered_display": "0", "missing_lines": 18, "excluded_lines": 0, "percent_statements_covered": 0.0, "percent_statements_covered_display": "0"}, "missing_lines": [448, 449, 451, 452, 454, 455, 457, 458, 460, 461, 463, 464, 466, 467, 468, 470, 473, 475], "excluded_lines": [], "start_line": 446}, "BadgeSystem._get_condition_value": {"executed_lines": [], "summary": {"covered_lines": 0, "num_statements": 15, "percent_covered": 0.0, "percent_covered_display": "0", "missing_lines": 15, "excluded_lines": 0, "percent_statements_covered": 0.0, "percent_statements_covered_display": "0"}, "missing_lines": [479, 481, 482, 483, 484, 485, 486, 487, 488, 489, 490, 491, 492, 493, 495], "excluded_lines": [], "start_line": 477}, "BadgeSystem.get_all_badges": {"executed_lines": [], "summary": {"covered_lines": 0, "num_statements": 4, "percent_covered": 0.0, "percent_covered_display": "0", "missing_lines": 4, "excluded_lines": 0, "percent_statements_covered": 0.0, "percent_statements_covered_display": "0"}, "missing_lines": [502, 503, 504, 514], "excluded_lines": [], "start_line": 500}, "BadgeSystem.get_user_badge_summary": {"executed_lines": [], "summary": {"covered_lines": 0, "num_statements": 19, "percent_covered": 0.0, "percent_covered_display": "0", "missing_lines": 19, "excluded_lines": 0, "percent_statements_covered": 0.0, "percent_statements_covered_display": "0"}, "missing_lines": [518, 519, 520, 522, 529, 530, 531, 532, 533, 544, 545, 546, 547, 549, 550, 551, 553, 565, 567], "excluded_lines": [], "start_line": 516}, "get_badge_system": {"executed_lines": [], "summary": {"covered_lines": 0, "num_statements": 3, "percent_covered": 0.0, "percent_covered_display": "0", "missing_lines": 3, "excluded_lines": 0, "percent_statements_covered": 0.0, "percent_statements_covered_display": "0"}, "missing_lines": [593, 594, 595], "excluded_lines": [], "start_line": 590}, "get_midjourney_prompts": {"executed_lines": [], "summary": {"covered_lines": 0, "num_statements": 1, "percent_covered": 0.0, "percent_covered_display": "0", "missing_lines": 1, "excluded_lines": 0, "percent_statements_covered": 0.0, "percent_statements_covered_display": "0"}, "missing_lines": [744], "excluded_lines": [], "start_line": 742}, "": {"executed_lines": [], "summary": {"covered_lines": 0, "num_statements": 92, "percent_covered": 0.0, "percent_covered_display": "0", "missing_lines": 92, "excluded_lines": 0, "percent_statements_covered": 0.0, "percent_statements_covered_display": "0"}, "missing_lines": [11, 12, 13, 14, 15, 16, 19, 20, 21, 22, 23, 24, 25, 26, 27, 29, 32, 34, 35, 36, 37, 38, 41, 42, 44, 45, 46, 47, 48, 49, 50, 51, 52, 53, 59, 276, 277, 279, 280, 281, 284, 285, 287, 288, 289, 290, 291, 292, 293, 295, 302, 309, 315, 327, 342, 349, 353, 360, 367, 446, 477, 500, 516, 587, 590, 601, 742, 750, 751, 753, 756, 758, 759, 760, 762, 770, 771, 772, 775, 776, 777, 778, 779, 780, 781, 782, 783, 784, 787, 788, 789, 790], "excluded_lines": [], "start_line": 1}}, "classes": {"BadgeRarity": {"executed_lines": [], "summary": {"covered_lines": 0, "num_statements": 0, "percent_covered": 100.0, "percent_covered_display": "100", "missing_lines": 0, "excluded_lines": 0, "percent_statements_covered": 100.0, "percent_statements_covered_display": "100"}, "missing_lines": [], "excluded_lines": [], "start_line": 32}, "BadgeDefinition": {"executed_lines": [], "summary": {"covered_lines": 0, "num_statements": 0, "percent_covered": 100.0, "percent_covered_display": "100", "missing_lines": 0, "excluded_lines": 0, "percent_statements_covered": 100.0, "percent_statements_covered_display": "100"}, "missing_lines": [], "excluded_lines": [], "start_line": 42}, "UserBadge": {"executed_lines": [], "summary": {"covered_lines": 0, "num_statements": 0, "percent_covered": 100.0, "percent_covered_display": "100", "missing_lines": 0, "excluded_lines": 0, "percent_statements_covered": 100.0, "percent_statements_covered_display": "100"}, "missing_lines": [], "excluded_lines": [], "start_line": 277}, "BadgeProgress": {"executed_lines": [], "summary": {"covered_lines": 0, "num_statements": 4, "percent_covered": 0.0, "percent_covered_display": "0", "missing_lines": 4, "excluded_lines": 0, "percent_statements_covered": 0.0, "percent_statements_covered_display": "0"}, "missing_lines": [296, 297, 298, 299], "excluded_lines": [], "start_line": 285}, "BadgeSystem": {"executed_lines": [], "summary": {"covered_lines": 0, "num_statements": 116, "percent_covered": 0.0, "percent_covered_display": "0", "missing_lines": 116, "excluded_lines": 0, "percent_statements_covered": 0.0, "percent_statements_covered_display": "0"}, "missing_lines": [310, 316, 317, 319, 320, 322, 328, 330, 331, 332, 334, 335, 336, 337, 344, 345, 346, 347, 351, 355, 356, 357, 358, 362, 380, 381, 382, 384, 387, 389, 390, 392, 393, 396, 397, 398, 399, 401, 402, 403, 404, 407, 409, 412, 413, 416, 417, 420, 423, 425, 426, 427, 429, 431, 436, 437, 438, 441, 442, 444, 448, 449, 451, 452, 454, 455, 457, 458, 460, 461, 463, 464, 466, 467, 468, 470, 473, 475, 479, 481, 482, 483, 484, 485, 486, 487, 488, 489, 490, 491, 492, 493, 495, 502, 503, 504, 514, 518, 519, 520, 522, 529, 530, 531, 532, 533, 544, 545, 546, 547, 549, 550, 551, 553, 565, 567], "excluded_lines": [], "start_line": 302}, "": {"executed_lines": [], "summary": {"covered_lines": 0, "num_statements": 96, "percent_covered": 0.0, "percent_covered_display": "0", "missing_lines": 96, "excluded_lines": 0, "percent_statements_covered": 0.0, "percent_statements_covered_display": "0"}, "missing_lines": [11, 12, 13, 14, 15, 16, 19, 20, 21, 22, 23, 24, 25, 26, 27, 29, 32, 34, 35, 36, 37, 38, 41, 42, 44, 45, 46, 47, 48, 49, 50, 51, 52, 53, 59, 276, 277, 279, 280, 281, 284, 285, 287, 288, 289, 290, 291, 292, 293, 295, 302, 309, 315, 327, 342, 349, 353, 360, 367, 446, 477, 500, 516, 587, 590, 593, 594, 595, 601, 742, 744, 750, 751, 753, 756, 758, 759, 760, 762, 770, 771, 772, 775, 776, 777, 778, 779, 780, 781, 782, 783, 784, 787, 788, 789, 790], "excluded_lines": [], "start_line": 1}}}, "app\\chart_generator.py": {"executed_lines": [], "summary": {"covered_lines": 0, "num_statements": 161, "percent_covered": 0.0, "percent_covered_display": "0", "missing_lines": 161, "excluded_lines": 0, "percent_statements_covered": 0.0, "percent_statements_covered_display": "0"}, "missing_lines": [13, 14, 15, 16, 19, 25, 31, 41, 42, 48, 57, 59, 80, 81, 82, 83, 86, 87, 93, 94, 95, 96, 97, 100, 101, 104, 109, 115, 116, 117, 118, 119, 127, 128, 130, 131, 134, 136, 137, 138, 140, 143, 144, 145, 146, 147, 151, 153, 156, 158, 165, 168, 170, 175, 181, 196, 197, 198, 199, 200, 202, 221, 222, 223, 224, 227, 228, 229, 230, 231, 234, 235, 236, 237, 240, 241, 243, 246, 249, 250, 251, 252, 253, 256, 257, 258, 261, 262, 263, 264, 265, 268, 273, 274, 277, 278, 279, 280, 286, 290, 291, 297, 303, 304, 305, 307, 309, 313, 314, 315, 316, 318, 319, 322, 323, 326, 327, 328, 329, 330, 331, 332, 333, 335, 336, 338, 340, 343, 344, 345, 346, 347, 348, 349, 351, 353, 354, 360, 366, 367, 368, 369, 370, 371, 373, 374, 375, 377, 379, 449, 452, 454, 455, 461, 462, 465, 470, 473, 480, 483, 500], "excluded_lines": [], "functions": {"generate_saju_table_svg": {"executed_lines": [], "summary": {"covered_lines": 0, "num_statements": 26, "percent_covered": 0.0, "percent_covered_display": "0", "missing_lines": 26, "excluded_lines": 0, "percent_statements_covered": 0.0, "percent_statements_covered_display": "0"}, "missing_lines": [57, 59, 80, 81, 82, 83, 86, 87, 93, 94, 95, 96, 97, 100, 101, 104, 109, 115, 116, 117, 118, 119, 127, 128, 130, 131], "excluded_lines": [], "start_line": 48}, "generate_element_bar": {"executed_lines": [], "summary": {"covered_lines": 0, "num_statements": 11, "percent_covered": 0.0, "percent_covered_display": "0", "missing_lines": 11, "excluded_lines": 0, "percent_statements_covered": 0.0, "percent_statements_covered_display": "0"}, "missing_lines": [136, 137, 138, 140, 143, 144, 145, 146, 147, 151, 153], "excluded_lines": [], "start_line": 134}, "get_stem_element": {"executed_lines": [], "summary": {"covered_lines": 0, "num_statements": 2, "percent_covered": 0.0, "percent_covered_display": "0", "missing_lines": 2, "excluded_lines": 0, "percent_statements_covered": 0.0, "percent_statements_covered_display": "0"}, "missing_lines": [158, 165], "excluded_lines": [], "start_line": 156}, "get_branch_element": {"executed_lines": [], "summary": {"covered_lines": 0, "num_statements": 2, "percent_covered": 0.0, "percent_covered_display": "0", "missing_lines": 2, "excluded_lines": 0, "percent_statements_covered": 0.0, "percent_statements_covered_display": "0"}, "missing_lines": [170, 175], "excluded_lines": [], "start_line": 168}, "generate_natal_chart_svg": {"executed_lines": [], "summary": {"covered_lines": 0, "num_statements": 46, "percent_covered": 0.0, "percent_covered_display": "0", "missing_lines": 46, "excluded_lines": 0, "percent_statements_covered": 0.0, "percent_statements_covered_display": "0"}, "missing_lines": [196, 197, 198, 199, 200, 202, 221, 222, 223, 224, 227, 228, 229, 230, 231, 234, 235, 236, 237, 240, 241, 243, 246, 249, 250, 251, 252, 253, 256, 257, 258, 261, 262, 263, 264, 265, 268, 273, 274, 277, 278, 279, 280, 286, 290, 291], "excluded_lines": [], "start_line": 181}, "generate_element_pie_svg": {"executed_lines": [], "summary": {"covered_lines": 0, "num_statements": 35, "percent_covered": 0.0, "percent_covered_display": "0", "missing_lines": 35, "excluded_lines": 0, "percent_statements_covered": 0.0, "percent_statements_covered_display": "0"}, "missing_lines": [303, 304, 305, 307, 309, 313, 314, 315, 316, 318, 319, 322, 323, 326, 327, 328, 329, 330, 331, 332, 333, 335, 336, 338, 340, 343, 344, 345, 346, 347, 348, 349, 351, 353, 354], "excluded_lines": [], "start_line": 297}, "generate_full_chart_html": {"executed_lines": [], "summary": {"covered_lines": 0, "num_statements": 12, "percent_covered": 0.0, "percent_covered_display": "0", "missing_lines": 12, "excluded_lines": 0, "percent_statements_covered": 0.0, "percent_statements_covered_display": "0"}, "missing_lines": [366, 367, 368, 369, 370, 371, 373, 374, 375, 377, 379, 449], "excluded_lines": [], "start_line": 360}, "svg_to_base64": {"executed_lines": [], "summary": {"covered_lines": 0, "num_statements": 2, "percent_covered": 0.0, "percent_covered_display": "0", "missing_lines": 2, "excluded_lines": 0, "percent_statements_covered": 0.0, "percent_statements_covered_display": "0"}, "missing_lines": [454, 455], "excluded_lines": [], "start_line": 452}, "": {"executed_lines": [], "summary": {"covered_lines": 0, "num_statements": 25, "percent_covered": 0.0, "percent_covered_display": "0", "missing_lines": 25, "excluded_lines": 0, "percent_statements_covered": 0.0, "percent_statements_covered_display": "0"}, "missing_lines": [13, 14, 15, 16, 19, 25, 31, 41, 42, 48, 134, 156, 168, 181, 297, 360, 452, 461, 462, 465, 470, 473, 480, 483, 500], "excluded_lines": [], "start_line": 1}}, "classes": {"": {"executed_lines": [], "summary": {"covered_lines": 0, "num_statements": 161, "percent_covered": 0.0, "percent_covered_display": "0", "missing_lines": 161, "excluded_lines": 0, "percent_statements_covered": 0.0, "percent_statements_covered_display": "0"}, "missing_lines": [13, 14, 15, 16, 19, 25, 31, 41, 42, 48, 57, 59, 80, 81, 82, 83, 86, 87, 93, 94, 95, 96, 97, 100, 101, 104, 109, 115, 116, 117, 118, 119, 127, 128, 130, 131, 134, 136, 137, 138, 140, 143, 144, 145, 146, 147, 151, 153, 156, 158, 165, 168, 170, 175, 181, 196, 197, 198, 199, 200, 202, 221, 222, 223, 224, 227, 228, 229, 230, 231, 234, 235, 236, 237, 240, 241, 243, 246, 249, 250, 251, 252, 253, 256, 257, 258, 261, 262, 263, 264, 265, 268, 273, 274, 277, 278, 279, 280, 286, 290, 291, 297, 303, 304, 305, 307, 309, 313, 314, 315, 316, 318, 319, 322, 323, 326, 327, 328, 329, 330, 331, 332, 333, 335, 336, 338, 340, 343, 344, 345, 346, 347, 348, 349, 351, 353, 354, 360, 366, 367, 368, 369, 370, 371, 373, 374, 375, 377, 379, 449, 452, 454, 455, 461, 462, 465, 470, 473, 480, 483, 500], "excluded_lines": [], "start_line": 1}}}, "app\\compatibility\\__init__.py": {"executed_lines": [], "summary": {"covered_lines": 0, "num_statements": 9, "percent_covered": 0.0, "percent_covered_display": "0", "missing_lines": 9, "excluded_lines": 0, "percent_statements_covered": 0.0, "percent_statements_covered_display": "0"}, "missing_lines": [18, 32, 47, 61, 72, 81, 90, 98, 108], "excluded_lines": [], "functions": {"": {"executed_lines": [], "summary": {"covered_lines": 0, "num_statements": 9, "percent_covered": 0.0, "percent_covered_display": "0", "missing_lines": 9, "excluded_lines": 0, "percent_statements_covered": 0.0, "percent_statements_covered_display": "0"}, "missing_lines": [18, 32, 47, 61, 72, 81, 90, 98, 108], "excluded_lines": [], "start_line": 1}}, "classes": {"": {"executed_lines": [], "summary": {"covered_lines": 0, "num_statements": 9, "percent_covered": 0.0, "percent_covered_display": "0", "missing_lines": 9, "excluded_lines": 0, "percent_statements_covered": 0.0, "percent_statements_covered_display": "0"}, "missing_lines": [18, 32, 47, 61, 72, 81, 90, 98, 108], "excluded_lines": [], "start_line": 1}}}, "app\\compatibility\\analysis.p
[...]
0, 123, 136, 146, 206, 211, 216, 233, 269, 277, 356, 367, 371, 378, 451, 472, 474, 477, 479, 487, 488, 494, 495, 498, 499, 500, 502, 505, 512, 515, 516, 519, 520], "excluded_lines": [], "start_line": 1}}}, "app\\utils\\__init__.py": {"executed_lines": [], "summary": {"covered_lines": 0, "num_statements": 2, "percent_covered": 0.0, "percent_covered_display": "0", "missing_lines": 2, "excluded_lines": 0, "percent_statements_covered": 0.0, "percent_statements_covered_display": "0"}, "missing_lines": [12, 25], "excluded_lines": [], "functions": {"": {"executed_lines": [], "summary": {"covered_lines": 0, "num_statements": 2, "percent_covered": 0.0, "percent_covered_display": "0", "missing_lines": 2, "excluded_lines": 0, "percent_statements_covered": 0.0, "percent_statements_covered_display": "0"}, "missing_lines": [12, 25], "excluded_lines": [], "start_line": 1}}, "classes": {"": {"executed_lines": [], "summary": {"covered_lines": 0, "num_statements": 2, "percent_covered": 0.0, "percent_covered_display": "0", "missing_lines": 2, "excluded_lines": 0, "percent_statements_covered": 0.0, "percent_statements_covered_display": "0"}, "missing_lines": [12, 25], "excluded_lines": [], "start_line": 1}}}, "app\\utils\\data_loader.py": {"executed_lines": [], "summary": {"covered_lines": 0, "num_statements": 161, "percent_covered": 0.0, "percent_covered_display": "0", "missing_lines": 161, "excluded_lines": 0, "percent_statements_covered": 0.0, "percent_statements_covered_display": "0"}, "missing_lines": [16, 17, 18, 19, 20, 22, 29, 30, 31, 32, 33, 40, 42, 43, 44, 47, 49, 52, 54, 57, 59, 66, 83, 84, 85, 88, 89, 90, 91, 94, 95, 97, 98, 100, 101, 103, 104, 105, 108, 130, 131, 133, 135, 136, 137, 139, 140, 141, 143, 144, 146, 147, 154, 176, 177, 179, 182, 183, 188, 191, 192, 200, 202, 205, 219, 220, 222, 228, 229, 230, 232, 239, 262, 263, 265, 267, 283, 285, 288, 302, 303, 305, 306, 308, 309, 310, 312, 315, 316, 317, 318, 319, 320, 321, 322, 323, 324, 326, 328, 330, 343, 362, 363, 365, 367, 368, 369, 371, 372, 373, 374, 375, 376, 377, 378, 379, 380, 382, 383, 390, 412, 413, 415, 417, 423, 427, 429, 436, 453, 454, 457, 458, 459, 461, 463, 464, 465, 467, 474, 479, 480, 481, 482, 483, 485, 488, 499, 512, 518, 520, 521, 522, 523, 525, 526, 534, 536, 539, 541, 544, 546], "excluded_lines": [], "functions": {"get_data_dir": {"executed_lines": [], "summary": {"covered_lines": 0, "num_statements": 3, "percent_covered": 0.0, "percent_covered_display": "0", "missing_lines": 3, "excluded_lines": 0, "percent_statements_covered": 0.0, "percent_statements_covered_display": "0"}, "missing_lines": [42, 43, 44], "excluded_lines": [], "start_line": 40}, "get_graph_rules_dir": {"executed_lines": [], "summary": {"covered_lines": 0, "num_statements": 1, "percent_covered": 0.0, "percent_covered_display": "0", "missing_lines": 1, "excluded_lines": 0, "percent_statements_covered": 0.0, "percent_statements_covered_display": "0"}, "missing_lines": [49], "excluded_lines": [], "start_line": 47}, "get_fusion_dir": {"executed_lines": [], "summary": {"covered_lines": 0, "num_statements": 1, "percent_covered": 0.0, "percent_covered_display": "0", "missing_lines": 1, "excluded_lines": 0, "percent_statements_covered": 0.0, "percent_statements_covered_display": "0"}, "missing_lines": [54], "excluded_lines": [], "start_line": 52}, "get_spreads_dir": {"executed_lines": [], "summary": {"covered_lines": 0, "num_statements": 1, "percent_covered": 0.0, "percent_covered_display": "0", "missing_lines": 1, "excluded_lines": 0, "percent_statements_covered": 0.0, "percent_statements_covered_display": "0"}, "missing_lines": [59], "excluded_lines": [], "start_line": 57}, "load_json_file": {"executed_lines": [], "summary": {"covered_lines": 0, "num_statements": 16, "percent_covered": 0.0, "percent_covered_display": "0", "missing_lines": 16, "excluded_lines": 0, "percent_statements_covered": 0.0, "percent_statements_covered_display": "0"}, "missing_lines": [83, 84, 85, 88, 89, 90, 91, 94, 95, 97, 98, 100, 101, 103, 104, 105], "excluded_lines": [], "start_line": 66}, "load_json_files": {"executed_lines": [], "summary": {"covered_lines": 0, "num_statements": 13, "percent_covered": 0.0, "percent_covered_display": "0", "missing_lines": 13, "excluded_lines": 0, "percent_statements_covered": 0.0, "percent_statements_covered_display": "0"}, "missing_lines": [130, 131, 133, 135, 136, 137, 139, 140, 141, 143, 144, 146, 147], "excluded_lines": [], "start_line": 108}, "load_integration_data": {"executed_lines": [], "summary": {"covered_lines": 0, "num_statements": 10, "percent_covered": 0.0, "percent_covered_display": "0", "missing_lines": 10, "excluded_lines": 0, "percent_statements_covered": 0.0, "percent_statements_covered_display": "0"}, "missing_lines": [176, 177, 179, 182, 183, 188, 191, 192, 200, 202], "excluded_lines": [], "start_line": 154}, "get_integration_context": {"executed_lines": [], "summary": {"covered_lines": 0, "num_statements": 7, "percent_covered": 0.0, "percent_covered_display": "0", "missing_lines": 7, "excluded_lines": 0, "percent_statements_covered": 0.0, "percent_statements_covered_display": "0"}, "missing_lines": [219, 220, 222, 228, 229, 230, 232], "excluded_lines": [], "start_line": 205}, "load_jung_data": {"executed_lines": [], "summary": {"covered_lines": 0, "num_statements": 6, "percent_covered": 0.0, "percent_covered_display": "0", "missing_lines": 6, "excluded_lines": 0, "percent_statements_covered": 0.0, "percent_statements_covered_display": "0"}, "missing_lines": [262, 263, 265, 267, 283, 285], "excluded_lines": [], "start_line": 239}, "get_lifespan_guidance": {"executed_lines": [], "summary": {"covered_lines": 0, "num_statements": 21, "percent_covered": 0.0, "percent_covered_display": "0", "missing_lines": 21, "excluded_lines": 0, "percent_statements_covered": 0.0, "percent_statements_covered_display": "0"}, "missing_lines": [302, 303, 305, 306, 308, 309, 310, 312, 315, 316, 317, 318, 319, 320, 321, 322, 323, 324, 326, 328, 330], "excluded_lines": [], "start_line": 288}, "load_cross_analysis_cache": {"executed_lines": [], "summary": {"covered_lines": 0, "num_statements": 18, "percent_covered": 0.0, "percent_covered_display": "0", "missing_lines": 18, "excluded_lines": 0, "percent_statements_covered": 0.0, "percent_statements_covered_display": "0"}, "missing_lines": [362, 363, 365, 367, 368, 369, 371, 372, 373, 374, 375, 376, 377, 378, 379, 380, 382, 383], "excluded_lines": [], "start_line": 343}, "load_fusion_rules": {"executed_lines": [], "summary": {"covered_lines": 0, "num_statements": 7, "percent_covered": 0.0, "percent_covered_display": "0", "missing_lines": 7, "excluded_lines": 0, "percent_statements_covered": 0.0, "percent_statements_covered_display": "0"}, "missing_lines": [412, 413, 415, 417, 423, 427, 429], "excluded_lines": [], "start_line": 390}, "load_spread_config": {"executed_lines": [], "summary": {"covered_lines": 0, "num_statements": 10, "percent_covered": 0.0, "percent_covered_display": "0", "missing_lines": 10, "excluded_lines": 0, "percent_statements_covered": 0.0, "percent_statements_covered_display": "0"}, "missing_lines": [453, 454, 457, 458, 459, 461, 463, 464, 465, 467], "excluded_lines": [], "start_line": 436}, "clear_all_caches": {"executed_lines": [], "summary": {"covered_lines": 0, "num_statements": 6, "percent_covered": 0.0, "percent_covered_display": "0", "missing_lines": 6, "excluded_lines": 0, "percent_statements_covered": 0.0, "percent_statements_covered_display": "0"}, "missing_lines": [479, 480, 481, 482, 483, 485], "excluded_lines": [], "start_line": 474}, "get_cache_stats": {"executed_lines": [], "summary": {"covered_lines": 0, "num_statements": 1, "percent_covered": 0.0, "percent_covered_display": "0", "missing_lines": 1, "excluded_lines": 0, "percent_statements_covered": 0.0, "percent_statements_covered_display": "0"}, "missing_lines": [499], "excluded_lines": [], "start_line": 488}, "preload_all_data": {"executed_lines": [], "summary": {"covered_lines": 0, "num_statements": 7, "percent_covered": 0.0, "percent_covered_display": "0", "missing_lines": 7, "excluded_lines": 0, "percent_statements_covered": 0.0, "percent_statements_covered_display": "0"}, "missing_lines": [518, 520, 521, 522, 523, 525, 526], "excluded_lines": [], "start_line": 512}, "_load_integration_data": {"executed_lines": [], "summary": {"covered_lines": 0, "num_statements": 1, "percent_covered": 0.0, "percent_covered_display": "0", "missing_lines": 1, "excluded_lines": 0, "percent_statements_covered": 0.0, "percent_statements_covered_display": "0"}, "missing_lines": [536], "excluded_lines": [], "start_line": 534}, "_load_jung_data": {"executed_lines": [], "summary": {"covered_lines": 0, "num_statements": 1, "percent_covered": 0.0, "percent_covered_display": "0", "missing_lines": 1, "excluded_lines": 0, "percent_statements_covered": 0.0, "percent_statements_covered_display": "0"}, "missing_lines": [541], "excluded_lines": [], "start_line": 539}, "_load_cross_analysis_cache": {"executed_lines": [], "summary": {"covered_lines": 0, "num_statements": 1, "percent_covered": 0.0, "percent_covered_display": "0", "missing_lines": 1, "excluded_lines": 0, "percent_statements_covered": 0.0, "percent_statements_covered_display": "0"}, "missing_lines": [546], "excluded_lines": [], "start_line": 544}, "": {"executed_lines": [], "summary": {"covered_lines": 0, "num_statements": 30, "percent_covered": 0.0, "percent_covered_display": "0", "missing_lines": 30, "excluded_lines": 0, "percent_statements_covered": 0.0, "percent_statements_covered_display": "0"}, "missing_lines": [16, 17, 18, 19, 20, 22, 29, 30, 31, 32, 33, 40, 47, 52, 57, 66, 108, 154, 205, 239, 288, 343, 390, 436, 474, 488, 512, 534, 539, 544], "excluded_lines": [], "start_line": 1}}, "classes": {"": {"executed_lines": [], "summary": {"covered_lines": 0, "num_statements": 161, "percent_covered": 0.0, "percent_covered_display": "0", "missing_lines": 161, "excluded_lines": 0, "percent_statements_covered": 0.0, "percent_statements_covered_display": "0"}, "missing_lines": [16, 17, 18, 19, 20, 22, 29, 30, 31, 32, 33, 40, 42, 43, 44, 47, 49, 52, 54, 57, 59, 66, 83, 84, 85, 88, 89, 90, 91, 94, 95, 97, 98, 100, 101, 103, 104, 105, 108, 130, 131, 133, 135, 136, 137, 139, 140, 141, 143, 144, 146, 147, 154, 176, 177, 179, 182, 183, 188, 191, 192, 200, 202, 205, 219, 220, 222, 228, 229, 230, 232, 239, 262, 263, 265, 267, 283, 285, 288, 302, 303, 305, 306, 308, 309, 310, 312, 315, 316, 317, 318, 319, 320, 321, 322, 323, 324, 326, 328, 330, 343, 362, 363, 365, 367, 368, 369, 371, 372, 373, 374, 375, 376, 377, 378, 379, 380, 382, 383, 390, 412, 413, 415, 417, 423, 427, 429, 436, 453, 454, 457, 458, 459, 461, 463, 464, 465, 467, 474, 479, 480, 481, 482, 483, 485, 488, 499, 512, 518, 520, 521, 522, 523, 525, 526, 534, 536, 539, 541, 544, 546], "excluded_lines": [], "start_line": 1}}}, "app\\utils\\lazy_loader.py": {"executed_lines": [], "summary": {"covered_lines": 0, "num_statements": 126, "percent_covered": 0.0, "percent_covered_display": "0", "missing_lines": 126, "excluded_lines": 0, "percent_statements_covered": 0.0, "percent_statements_covered_display": "0"}, "missing_lines": [23, 24, 25, 26, 28, 30, 33, 36, 44, 62, 63, 64, 65, 66, 67, 70, 71, 72, 74, 76, 77, 79, 81, 82, 84, 86, 87, 89, 90, 93, 94, 96, 98, 99, 101, 102, 103, 104, 105, 106, 107, 108, 110, 112, 114, 116, 118, 119, 120, 121, 122, 123, 125, 127, 129, 131, 132, 133, 134, 136, 138, 141, 148, 149, 151, 174, 175, 177, 185, 187, 189, 191, 193, 194, 196, 198, 200, 202, 203, 204, 205, 212, 220, 228, 236, 244, 251, 259, 266, 273, 280, 287, 295, 304, 311, 318, 325, 332, 339, 346, 353, 365, 372, 375, 381, 384, 394, 402, 403, 404, 405, 406, 407, 408, 409, 410, 411, 412, 413, 414, 415, 416, 417, 418, 419, 426], "excluded_lines": [], "functions": {"LazyModule.__init__": {"executed_lines": [], "summary": {"covered_lines": 0, "num_statements": 10, "percent_covered": 0.0, "percent_covered_display": "0", "missing_lines": 10, "excluded_lines": 0, "percent_statements_covered": 0.0, "percent_statements_covered_display": "0"}, "missing_lines": [62, 63, 64, 65, 66, 67, 70, 71, 72, 74], "excluded_lines": [], "start_line": 44}, "LazyModule.available": {"executed_lines": [], "summary": {"covered_lines": 0, "num_statements": 3, "percent_covered": 0.0, "percent_covered_display": "0", "missing_lines": 3, "excluded_lines": 0, "percent_statements_covered": 0.0, "percent_statements_covered_display": "0"}, "missing_lines": [79, 81, 82], "excluded_lines": [], "start_line": 77}, "LazyModule.load": {"executed_lines": [], "summary": {"covered_lines": 0, "num_statements": 18, "percent_covered": 0.0, "percent_covered_display": "0", "missing_lines": 18, "excluded_lines": 0, "percent_statements_covered": 0.0, "percent_statements_covered_display": "0"}, "missing_lines": [86, 87, 89, 90, 93, 94, 96, 98, 99, 101, 102, 103, 104, 105, 106, 107, 108, 110], "excluded_lines": [], "start_line": 84}, "LazyModule.get": {"executed_lines": [], "summary": {"covered_lines": 0, "num_statements": 1, "percent_covered": 0.0, "percent_covered_display": "0", "missing_lines": 1, "excluded_lines": 0, "percent_statements_covered": 0.0, "percent_statements_covered_display": "0"}, "missing_lines": [114], "excluded_lines": [], "start_line": 112}, "LazyModule.__call__": {"executed_lines": [], "summary": {"covered_lines": 0, "num_statements": 6, "percent_covered": 0.0, "percent_covered_display": "0", "missing_lines": 6, "excluded_lines": 0, "percent_statements_covered": 0.0, "percent_statements_covered_display": "0"}, "missing_lines": [118, 119, 120, 121, 122, 123], "excluded_lines": [], "start_line": 116}, "LazyModule.__getattr__": {"executed_lines": [], "summary": {"covered_lines": 0, "num_statements": 6, "percent_covered": 0.0, "percent_covered_display": "0", "missing_lines": 6, "excluded_lines": 0, "percent_statements_covered": 0.0, "percent_statements_covered_display": "0"}, "missing_lines": [127, 129, 131, 132, 133, 134], "excluded_lines": [], "start_line": 125}, "LazyModule.__bool__": {"executed_lines": [], "summary": {"covered_lines": 0, "num_statements": 1, "percent_covered": 0.0, "percent_covered_display": "0", "missing_lines": 1, "excluded_lines": 0, "percent_statements_covered": 0.0, "percent_statements_covered_display": "0"}, "missing_lines": [138], "excluded_lines": [], "start_line": 136}, "LazyModuleRegistry.__init__": {"executed_lines": [], "summary": {"covered_lines": 0, "num_statements": 1, "percent_covered": 0.0, "percent_covered_display": "0", "missing_lines": 1, "excluded_lines": 0, "percent_statements_covered": 0.0, "percent_statements_covered_display": "0"}, "missing_lines": [149], "excluded_lines": [], "start_line": 148}, "LazyModuleRegistry.register": {"executed_lines": [], "summary": {"covered_lines": 0, "num_statements": 4, "percent_covered": 0.0, "percent_covered_display": "0", "missing_lines": 4, "excluded_lines": 0, "percent_statements_covered": 0.0, "percent_statements_covered_display": "0"}, "missing_lines": [174, 175, 177, 185], "excluded_lines": [], "start_line": 151}, "LazyModuleRegistry.get": {"executed_lines": [], "summary": {"covered_lines": 0, "num_statements": 1, "percent_covered": 0.0, "percent_covered_display": "0", "missing_lines": 1, "excluded_lines": 0, "percent_statements_covered": 0.0, "percent_statements_covered_display": "0"}, "missing_lines": [189], "excluded_lines": [], "start_line": 187}, "LazyModuleRegistry.is_available": {"executed_lines": [], "summary": {"covered_lines": 0, "num_statements": 2, "percent_covered": 0.0, "percent_covered_display": "0", "missing_lines": 2, "excluded_lines": 0, "percent_statements_covered": 0.0, "percent_statements_covered_display": "0"}, "missing_lines": [193, 194], "excluded_lines": [], "start_line": 191}, "LazyModuleRegistry.capabilities": {"executed_lines": [], "summary": {"covered_lines": 0, "num_statements": 1, "percent_covered": 0.0, "percent_covered_display": "0", "missing_lines": 1, "excluded_lines": 0, "percent_statements_covered": 0.0, "percent_statements_covered_display": "0"}, "missing_lines": [198], "excluded_lines": [], "start_line": 196}, "LazyModuleRegistry.load_all": {"executed_lines": [], "summary": {"covered_lines": 0, "num_statements": 4, "percent_covered": 0.0, "percent_covered_display": "0", "missing_lines": 4, "excluded_lines": 0, "percent_statements_covered": 0.0, "percent_statements_covered_display": "0"}, "missing_lines": [202, 203, 204, 205], "excluded_lines": [], "start_line": 200}, "get_capabilities": {"executed_lines": [], "summary": {"covered_lines": 0, "num_statements": 1, "percent_covered": 0.0, "percent_covered_display": "0", "missing_lines": 1, "excluded_lines": 0, "percent_statements_covered": 0.0, "percent_statements_covered_display": "0"}, "missing_lines": [372], "excluded_lines": [], "start_line": 365}, "warmup_modules": {"executed_lines": [], "summary": {"covered_lines": 0, "num_statements": 1, "percent_covered": 0.0, "percent_covered_display": "0", "missing_lines": 1, "excluded_lines": 0, "percent_statements_covered": 0.0, "percent_statements_covered_display": "0"}, "missing_lines": [381], "excluded_lines": [], "start_line": 375}, "get_module": {"executed_lines": [], "summary": {"covered_lines": 0, "num_statements": 1, "percent_covered": 0.0, "percent_covered_display": "0", "missing_lines": 1, "excluded_lines": 0, "percent_statements_covered": 0.0, "percent_statements_covered_display": "0"}, "missing_lines": [394], "excluded_lines": [], "start_line": 384}, "": {"executed_lines": [], "summary": {"covered_lines": 0, "num_statements": 65, "percent_covered": 0.0, "percent_covered_display": "0", "missing_lines": 65, "excluded_lines": 0, "percent_statements_covered": 0.0, "percent_statements_covered_display": "0"}, "missing_lines": [23, 24, 25, 26, 28, 30, 33, 36, 44, 76, 77, 84, 112, 116, 125, 136, 141, 148, 151, 187, 191, 196, 200, 212, 220, 228, 236, 244, 251, 259, 266, 273, 280, 287, 295, 304, 311, 318, 325, 332, 339, 346, 353, 365, 375, 384, 402, 403, 404, 405, 406, 407, 408, 409, 410, 411, 412, 413, 414, 415, 416, 417, 418, 419, 426], "excluded_lines": [], "start_line": 1}}, "classes": {"LazyModule": {"executed_lines": [], "summary": {"covered_lines": 0, "num_statements": 45, "percent_covered": 0.0, "percent_covered_display": "0", "missing_lines": 45, "excluded_lines": 0, "percent_statements_covered": 0.0, "percent_statements_covered_display": "0"}, "missing_lines": [62, 63, 64, 65, 66, 67, 70, 71, 72, 74, 79, 81, 82, 86, 87, 89, 90, 93, 94, 96, 98, 99, 101, 102, 103, 104, 105, 106, 107, 108, 110, 114, 118, 119, 120, 121, 122, 123, 127, 129, 131, 132, 133, 134, 138], "excluded_lines": [], "start_line": 36}, "LazyModuleRegistry": {"executed_lines": [], "summary": {"covered_lines": 0, "num_statements": 13, "percent_covered": 0.0, "percent_covered_display": "0", "missing_lines": 13, "excluded_lines": 0, "percent_statements_covered": 0.0, "percent_statements_covered_display": "0"}, "missing_lines": [149, 174, 175, 177, 185, 189, 193, 194, 198, 202, 203, 204, 205], "excluded_lines": [], "start_line": 141}, "": {"executed_lines": [], "summary": {"covered_lines": 0, "num_statements": 68, "percent_covered": 0.0, "percent_covered_display": "0", "missing_lines": 68, "excluded_lines": 0, "percent_statements_covered": 0.0, "percent_statements_covered_display": "0"}, "missing_lines": [23, 24, 25, 26, 28, 30, 33, 36, 44, 76, 77, 84, 112, 116, 125, 136, 141, 148, 151, 187, 191, 196, 200, 212, 220, 228, 236, 244, 251, 259, 266, 273, 280, 287, 295, 304, 311, 318, 325, 332, 339, 346, 353, 365, 372, 375, 381, 384, 394, 402, 403, 404, 405, 406, 407, 408, 409, 410, 411, 412, 413, 414, 415, 416, 417, 418, 419, 426], "excluded_lines": [], "start_line": 1}}}}, "totals": {"covered_lines": 814, "num_statements": 18910, "percent_covered": 4.304600740349022, "percent_covered_display": "4", "missing_lines": 18096, "excluded_lines": 8, "percent_statements_covered": 4.304600740349022, "percent_statements_covered_display": "4"}}